Connecting to database specified by database.yml
Connecting to database specified by database.yml
  [1m[36m (0.1ms)[0m  [1mselect sqlite_version(*)[0m
  [1m[35m (8.2ms)[0m  CREATE TABLE "schema_migrations" ("version" varchar(255) NOT NULL) 
  [1m[36m (1.4ms)[0m  [1mCREATE UNIQUE INDEX "unique_schema_migrations" ON "schema_migrations" ("version")[0m
  [1m[35m (2.6ms)[0m  SELECT "schema_migrations"."version" FROM "schema_migrations" 
Migrating to CreatePhotos (20131005025657)
  [1m[36m (0.1ms)[0m  [1mbegin transaction[0m
  [1m[35m (0.7ms)[0m  CREATE TABLE "photos" ("id" INTEGER PRIMARY KEY AUTOINCREMENT NOT NULL, "created_at" datetime NOT NULL, "updated_at" datetime NOT NULL) 
  [1m[36m (0.2ms)[0m  [1mINSERT INTO "schema_migrations" ("version") VALUES ('20131005025657')[0m
  [1m[35m (1.0ms)[0m  commit transaction
  [1m[36m (0.1ms)[0m  [1mSELECT "schema_migrations"."version" FROM "schema_migrations" [0m
Connecting to database specified by database.yml
Connecting to database specified by database.yml
  [1m[36m (1.3ms)[0m  [1mSELECT "schema_migrations"."version" FROM "schema_migrations" [0m
Migrating to CreatePhotos (20131005025657)
Migrating to AddPhotoAttachmentToPhotos (20131005025844)
  [1m[35m (0.0ms)[0m  select sqlite_version(*)
  [1m[36m (0.0ms)[0m  [1mbegin transaction[0m
  [1m[35m (0.4ms)[0m  ALTER TABLE "photos" ADD "photo_file_name" varchar(255)
  [1m[36m (0.1ms)[0m  [1mALTER TABLE "photos" ADD "photo_content_type" varchar(255)[0m
  [1m[35m (0.1ms)[0m  ALTER TABLE "photos" ADD "photo_file_size" integer
  [1m[36m (0.1ms)[0m  [1mALTER TABLE "photos" ADD "photo_updated_at" datetime[0m
  [1m[35m (0.2ms)[0m  INSERT INTO "schema_migrations" ("version") VALUES ('20131005025844')
  [1m[36m (7.8ms)[0m  [1mcommit transaction[0m
  [1m[35m (0.1ms)[0m  SELECT "schema_migrations"."version" FROM "schema_migrations" 
Connecting to database specified by database.yml
Connecting to database specified by database.yml
Connecting to database specified by database.yml


Started GET "/assets/rails.png" for 127.0.0.1 at 2013-10-04 20:05:43 -0700
Served asset /rails.png - 200 OK (5ms)


Started GET "/add" for 127.0.0.1 at 2013-10-04 20:05:47 -0700

ActionController::RoutingError (uninitialized constant PhotoController):
  activesupport (3.2.13) lib/active_support/inflector/methods.rb:230:in `block in constantize'
  activesupport (3.2.13) lib/active_support/inflector/methods.rb:229:in `each'
  activesupport (3.2.13) lib/active_support/inflector/methods.rb:229:in `constantize'
  actionpack (3.2.13) lib/action_dispatch/routing/route_set.rb:69:in `controller_reference'
  actionpack (3.2.13) lib/action_dispatch/routing/route_set.rb:54:in `controller'
  actionpack (3.2.13) lib/action_dispatch/routing/route_set.rb:32:in `call'
  journey (1.0.4) lib/journey/router.rb:68:in `block in call'
  journey (1.0.4) lib/journey/router.rb:56:in `each'
  journey (1.0.4) lib/journey/router.rb:56:in `call'
  actionpack (3.2.13) lib/action_dispatch/routing/route_set.rb:612:in `call'
  actionpack (3.2.13) lib/action_dispatch/middleware/best_standards_support.rb:17:in `call'
  rack (1.4.5) lib/rack/etag.rb:23:in `call'
  rack (1.4.5) lib/rack/conditionalget.rb:25:in `call'
  actionpack (3.2.13) lib/action_dispatch/middleware/head.rb:14:in `call'
  actionpack (3.2.13) lib/action_dispatch/middleware/params_parser.rb:21:in `call'
  actionpack (3.2.13) lib/action_dispatch/middleware/flash.rb:242:in `call'
  rack (1.4.5) lib/rack/session/abstract/id.rb:210:in `context'
  rack (1.4.5) lib/rack/session/abstract/id.rb:205:in `call'
  actionpack (3.2.13) lib/action_dispatch/middleware/cookies.rb:341:in `call'
  activerecord (3.2.13) lib/active_record/query_cache.rb:64:in `call'
  activerecord (3.2.13) lib/active_record/connection_adapters/abstract/connection_pool.rb:479:in `call'
  actionpack (3.2.13) lib/action_dispatch/middleware/callbacks.rb:28:in `block in call'
  activesupport (3.2.13) lib/active_support/callbacks.rb:405:in `_run__1381925580829758438__call__4398421859055036438__callbacks'
  activesupport (3.2.13) lib/active_support/callbacks.rb:405:in `__run_callback'
  activesupport (3.2.13) lib/active_support/callbacks.rb:385:in `_run_call_callbacks'
  activesupport (3.2.13) lib/active_support/callbacks.rb:81:in `run_callbacks'
  actionpack (3.2.13) lib/action_dispatch/middleware/callbacks.rb:27:in `call'
  actionpack (3.2.13) lib/action_dispatch/middleware/reloader.rb:65:in `call'
  actionpack (3.2.13) lib/action_dispatch/middleware/remote_ip.rb:31:in `call'
  actionpack (3.2.13) lib/action_dispatch/middleware/debug_exceptions.rb:16:in `call'
  actionpack (3.2.13) lib/action_dispatch/middleware/show_exceptions.rb:56:in `call'
  railties (3.2.13) lib/rails/rack/logger.rb:32:in `call_app'
  railties (3.2.13) lib/rails/rack/logger.rb:16:in `block in call'
  activesupport (3.2.13) lib/active_support/tagged_logging.rb:22:in `tagged'
  railties (3.2.13) lib/rails/rack/logger.rb:16:in `call'
  actionpack (3.2.13) lib/action_dispatch/middleware/request_id.rb:22:in `call'
  rack (1.4.5) lib/rack/methodoverride.rb:21:in `call'
  rack (1.4.5) lib/rack/runtime.rb:17:in `call'
  activesupport (3.2.13) lib/active_support/cache/strategy/local_cache.rb:72:in `call'
  rack (1.4.5) lib/rack/lock.rb:15:in `call'
  actionpack (3.2.13) lib/action_dispatch/middleware/static.rb:63:in `call'
  railties (3.2.13) lib/rails/engine.rb:479:in `call'
  railties (3.2.13) lib/rails/application.rb:223:in `call'
  rack (1.4.5) lib/rack/content_length.rb:14:in `call'
  railties (3.2.13) lib/rails/rack/log_tailer.rb:17:in `call'
  rack (1.4.5) lib/rack/handler/webrick.rb:59:in `service'
  /Users/johnfigueiredo/.rvm/rubies/ruby-1.9.3-head/lib/ruby/1.9.1/webrick/httpserver.rb:138:in `service'
  /Users/johnfigueiredo/.rvm/rubies/ruby-1.9.3-head/lib/ruby/1.9.1/webrick/httpserver.rb:94:in `run'
  /Users/johnfigueiredo/.rvm/rubies/ruby-1.9.3-head/lib/ruby/1.9.1/webrick/server.rb:191:in `block in start_thread'


  Rendered /Users/johnfigueiredo/.rvm/rubies/ruby-1.9.3-head/lib/ruby/gems/1.9.1/gems/actionpack-3.2.13/lib/action_dispatch/middleware/templates/rescues/routing_error.erb within rescues/layout (2.3ms)


Started GET "/add" for 127.0.0.1 at 2013-10-04 20:05:59 -0700
Processing by PhotosController#create as HTML
  [1m[36m (0.1ms)[0m  [1mbegin transaction[0m
  [1m[35m (0.1ms)[0m  rollback transaction
  Rendered photos/_form.html.erb (4.3ms)
  Rendered photos/new.html.erb within layouts/application (9.4ms)
Compiled photos.css  (30ms)  (pid 21206)
Compiled scaffolds.css  (16ms)  (pid 21206)
Compiled application.css  (62ms)  (pid 21206)
Compiled jquery.js  (3ms)  (pid 21206)
Compiled jquery_ujs.js  (0ms)  (pid 21206)
Compiled photos.js  (91ms)  (pid 21206)
Compiled application.js  (209ms)  (pid 21206)
Completed 200 OK in 368ms (Views: 332.9ms | ActiveRecord: 2.3ms)


Started GET "/assets/photos.css?body=1" for 127.0.0.1 at 2013-10-04 20:05:59 -0700
Served asset /photos.css - 200 OK (4ms)


Started GET "/assets/application.js?body=1" for 127.0.0.1 at 2013-10-04 20:05:59 -0700
Served asset /application.js - 200 OK (15ms)


Started GET "/assets/scaffolds.css?body=1" for 127.0.0.1 at 2013-10-04 20:05:59 -0700
Served asset /scaffolds.css - 200 OK (1ms)


Started GET "/assets/photos.js?body=1" for 127.0.0.1 at 2013-10-04 20:05:59 -0700
Served asset /photos.js - 200 OK (1ms)


Started GET "/assets/jquery.js?body=1" for 127.0.0.1 at 2013-10-04 20:05:59 -0700
Served asset /jquery.js - 200 OK (3ms)


Started GET "/assets/application.css?body=1" for 127.0.0.1 at 2013-10-04 20:05:59 -0700
Served asset /application.css - 200 OK (4ms)


Started GET "/assets/jquery_ujs.js?body=1" for 127.0.0.1 at 2013-10-04 20:05:59 -0700
Served asset /jquery_ujs.js - 200 OK (3ms)


Started POST "/photos" for 127.0.0.1 at 2013-10-04 20:06:10 -0700
Processing by PhotosController#create as HTML
  Parameters: {"utf8"=>"✓", "authenticity_token"=>"NsVONrVtTFGDQ7kcHt6OANWhXhTEjZy+CMsimiGGs5E=", "commit"=>"Create Photo"}
  [1m[36m (0.1ms)[0m  [1mbegin transaction[0m
  [1m[35m (0.1ms)[0m  rollback transaction
  Rendered photos/_form.html.erb (3.6ms)
  Rendered photos/new.html.erb within layouts/application (4.8ms)
Completed 200 OK in 18ms (Views: 15.5ms | ActiveRecord: 0.2ms)


Started GET "/add" for 127.0.0.1 at 2013-10-04 20:08:23 -0700
Processing by PhotosController#create as HTML
  [1m[36m (0.1ms)[0m  [1mbegin transaction[0m
  [1m[35m (0.1ms)[0m  rollback transaction
  Rendered photos/_form.html.erb (3.5ms)
  Rendered photos/new.html.erb within layouts/application (4.3ms)
Completed 200 OK in 22ms (Views: 19.3ms | ActiveRecord: 0.1ms)


Started GET "/assets/scaffolds.css?body=1" for 127.0.0.1 at 2013-10-04 20:08:23 -0700
Served asset /scaffolds.css - 304 Not Modified (0ms)


Started GET "/assets/application.css?body=1" for 127.0.0.1 at 2013-10-04 20:08:23 -0700
Served asset /application.css - 304 Not Modified (0ms)


Started GET "/assets/photos.js?body=1" for 127.0.0.1 at 2013-10-04 20:08:23 -0700
Served asset /photos.js - 304 Not Modified (0ms)


Started GET "/assets/photos.css?body=1" for 127.0.0.1 at 2013-10-04 20:08:23 -0700
Served asset /photos.css - 304 Not Modified (0ms)


Started GET "/assets/jquery_ujs.js?body=1" for 127.0.0.1 at 2013-10-04 20:08:23 -0700
Served asset /jquery_ujs.js - 304 Not Modified (0ms)


Started GET "/assets/jquery.js?body=1" for 127.0.0.1 at 2013-10-04 20:08:23 -0700
Served asset /jquery.js - 304 Not Modified (0ms)


Started GET "/assets/application.js?body=1" for 127.0.0.1 at 2013-10-04 20:08:23 -0700
Served asset /application.js - 304 Not Modified (0ms)


Started GET "/add" for 127.0.0.1 at 2013-10-04 20:09:51 -0700
Processing by PhotosController#create as HTML
  [1m[36m (0.1ms)[0m  [1mbegin transaction[0m
  [1m[35m (0.1ms)[0m  rollback transaction
  Rendered photos/_form.html.erb (3.7ms)
  Rendered photos/new.html.erb within layouts/application (5.1ms)
Completed 200 OK in 21ms (Views: 18.1ms | ActiveRecord: 0.2ms)


Started GET "/assets/application.css?body=1" for 127.0.0.1 at 2013-10-04 20:09:51 -0700
Served asset /application.css - 304 Not Modified (0ms)


Started GET "/assets/jquery_ujs.js?body=1" for 127.0.0.1 at 2013-10-04 20:09:51 -0700
Served asset /jquery_ujs.js - 304 Not Modified (0ms)


Started GET "/assets/scaffolds.css?body=1" for 127.0.0.1 at 2013-10-04 20:09:51 -0700
Served asset /scaffolds.css - 304 Not Modified (0ms)


Started GET "/assets/photos.js?body=1" for 127.0.0.1 at 2013-10-04 20:09:51 -0700
Served asset /photos.js - 304 Not Modified (0ms)


Started GET "/assets/jquery.js?body=1" for 127.0.0.1 at 2013-10-04 20:09:51 -0700
Served asset /jquery.js - 304 Not Modified (0ms)


Started GET "/assets/photos.css?body=1" for 127.0.0.1 at 2013-10-04 20:09:51 -0700
Served asset /photos.css - 304 Not Modified (0ms)


Started GET "/assets/application.js?body=1" for 127.0.0.1 at 2013-10-04 20:09:51 -0700
Served asset /application.js - 304 Not Modified (0ms)


Started GET "/add" for 127.0.0.1 at 2013-10-04 20:09:52 -0700
Processing by PhotosController#create as HTML
  [1m[36m (0.1ms)[0m  [1mbegin transaction[0m
  [1m[35m (0.1ms)[0m  rollback transaction
  Rendered photos/_form.html.erb (1.7ms)
  Rendered photos/new.html.erb within layouts/application (2.5ms)
Completed 200 OK in 14ms (Views: 12.3ms | ActiveRecord: 0.1ms)


Started GET "/assets/application.css?body=1" for 127.0.0.1 at 2013-10-04 20:09:52 -0700
Served asset /application.css - 304 Not Modified (0ms)


Started GET "/assets/jquery.js?body=1" for 127.0.0.1 at 2013-10-04 20:09:52 -0700
Served asset /jquery.js - 304 Not Modified (0ms)


Started GET "/assets/scaffolds.css?body=1" for 127.0.0.1 at 2013-10-04 20:09:52 -0700
Served asset /scaffolds.css - 304 Not Modified (0ms)


Started GET "/assets/photos.css?body=1" for 127.0.0.1 at 2013-10-04 20:09:52 -0700
Served asset /photos.css - 304 Not Modified (0ms)


Started GET "/assets/jquery_ujs.js?body=1" for 127.0.0.1 at 2013-10-04 20:09:52 -0700
Served asset /jquery_ujs.js - 304 Not Modified (0ms)


Started GET "/assets/photos.js?body=1" for 127.0.0.1 at 2013-10-04 20:09:52 -0700
Served asset /photos.js - 304 Not Modified (0ms)


Started GET "/assets/application.js?body=1" for 127.0.0.1 at 2013-10-04 20:09:52 -0700
Served asset /application.js - 304 Not Modified (0ms)


Started GET "/assets/rails.png" for 127.0.0.1 at 2013-10-04 20:09:59 -0700
Served asset /rails.png - 304 Not Modified (0ms)


Started GET "/show" for 127.0.0.1 at 2013-10-04 20:10:08 -0700

ActionController::RoutingError (No route matches [GET] "/show"):
  actionpack (3.2.13) lib/action_dispatch/middleware/debug_exceptions.rb:21:in `call'
  actionpack (3.2.13) lib/action_dispatch/middleware/show_exceptions.rb:56:in `call'
  railties (3.2.13) lib/rails/rack/logger.rb:32:in `call_app'
  railties (3.2.13) lib/rails/rack/logger.rb:16:in `block in call'
  activesupport (3.2.13) lib/active_support/tagged_logging.rb:22:in `tagged'
  railties (3.2.13) lib/rails/rack/logger.rb:16:in `call'
  actionpack (3.2.13) lib/action_dispatch/middleware/request_id.rb:22:in `call'
  rack (1.4.5) lib/rack/methodoverride.rb:21:in `call'
  rack (1.4.5) lib/rack/runtime.rb:17:in `call'
  activesupport (3.2.13) lib/active_support/cache/strategy/local_cache.rb:72:in `call'
  rack (1.4.5) lib/rack/lock.rb:15:in `call'
  actionpack (3.2.13) lib/action_dispatch/middleware/static.rb:63:in `call'
  railties (3.2.13) lib/rails/engine.rb:479:in `call'
  railties (3.2.13) lib/rails/application.rb:223:in `call'
  rack (1.4.5) lib/rack/content_length.rb:14:in `call'
  railties (3.2.13) lib/rails/rack/log_tailer.rb:17:in `call'
  rack (1.4.5) lib/rack/handler/webrick.rb:59:in `service'
  /Users/johnfigueiredo/.rvm/rubies/ruby-1.9.3-head/lib/ruby/1.9.1/webrick/httpserver.rb:138:in `service'
  /Users/johnfigueiredo/.rvm/rubies/ruby-1.9.3-head/lib/ruby/1.9.1/webrick/httpserver.rb:94:in `run'
  /Users/johnfigueiredo/.rvm/rubies/ruby-1.9.3-head/lib/ruby/1.9.1/webrick/server.rb:191:in `block in start_thread'


  Rendered /Users/johnfigueiredo/.rvm/rubies/ruby-1.9.3-head/lib/ruby/gems/1.9.1/gems/actionpack-3.2.13/lib/action_dispatch/middleware/templates/rescues/routing_error.erb within rescues/layout (0.7ms)


Started GET "/photo" for 127.0.0.1 at 2013-10-04 20:10:22 -0700

ActionController::RoutingError (No route matches [GET] "/photo"):
  actionpack (3.2.13) lib/action_dispatch/middleware/debug_exceptions.rb:21:in `call'
  actionpack (3.2.13) lib/action_dispatch/middleware/show_exceptions.rb:56:in `call'
  railties (3.2.13) lib/rails/rack/logger.rb:32:in `call_app'
  railties (3.2.13) lib/rails/rack/logger.rb:16:in `block in call'
  activesupport (3.2.13) lib/active_support/tagged_logging.rb:22:in `tagged'
  railties (3.2.13) lib/rails/rack/logger.rb:16:in `call'
  actionpack (3.2.13) lib/action_dispatch/middleware/request_id.rb:22:in `call'
  rack (1.4.5) lib/rack/methodoverride.rb:21:in `call'
  rack (1.4.5) lib/rack/runtime.rb:17:in `call'
  activesupport (3.2.13) lib/active_support/cache/strategy/local_cache.rb:72:in `call'
  rack (1.4.5) lib/rack/lock.rb:15:in `call'
  actionpack (3.2.13) lib/action_dispatch/middleware/static.rb:63:in `call'
  railties (3.2.13) lib/rails/engine.rb:479:in `call'
  railties (3.2.13) lib/rails/application.rb:223:in `call'
  rack (1.4.5) lib/rack/content_length.rb:14:in `call'
  railties (3.2.13) lib/rails/rack/log_tailer.rb:17:in `call'
  rack (1.4.5) lib/rack/handler/webrick.rb:59:in `service'
  /Users/johnfigueiredo/.rvm/rubies/ruby-1.9.3-head/lib/ruby/1.9.1/webrick/httpserver.rb:138:in `service'
  /Users/johnfigueiredo/.rvm/rubies/ruby-1.9.3-head/lib/ruby/1.9.1/webrick/httpserver.rb:94:in `run'
  /Users/johnfigueiredo/.rvm/rubies/ruby-1.9.3-head/lib/ruby/1.9.1/webrick/server.rb:191:in `block in start_thread'


  Rendered /Users/johnfigueiredo/.rvm/rubies/ruby-1.9.3-head/lib/ruby/gems/1.9.1/gems/actionpack-3.2.13/lib/action_dispatch/middleware/templates/rescues/routing_error.erb within rescues/layout (0.8ms)


Started GET "/photos" for 127.0.0.1 at 2013-10-04 20:10:31 -0700
Processing by PhotosController#index as HTML
  [1m[36mPhoto Load (0.3ms)[0m  [1mSELECT "photos".* FROM "photos" [0m
  Rendered photos/index.html.erb within layouts/application (1.1ms)
Completed 200 OK in 16ms (Views: 13.8ms | ActiveRecord: 0.3ms)


Started GET "/assets/application.css?body=1" for 127.0.0.1 at 2013-10-04 20:10:31 -0700
Served asset /application.css - 304 Not Modified (0ms)


Started GET "/assets/jquery_ujs.js?body=1" for 127.0.0.1 at 2013-10-04 20:10:31 -0700
Served asset /jquery_ujs.js - 304 Not Modified (0ms)


Started GET "/assets/jquery.js?body=1" for 127.0.0.1 at 2013-10-04 20:10:31 -0700
Served asset /jquery.js - 304 Not Modified (0ms)


Started GET "/assets/scaffolds.css?body=1" for 127.0.0.1 at 2013-10-04 20:10:31 -0700
Served asset /scaffolds.css - 304 Not Modified (0ms)


Started GET "/assets/photos.css?body=1" for 127.0.0.1 at 2013-10-04 20:10:31 -0700
Served asset /photos.css - 304 Not Modified (0ms)


Started GET "/assets/photos.js?body=1" for 127.0.0.1 at 2013-10-04 20:10:31 -0700
Served asset /photos.js - 304 Not Modified (0ms)


Started GET "/assets/application.js?body=1" for 127.0.0.1 at 2013-10-04 20:10:31 -0700
Served asset /application.js - 304 Not Modified (0ms)


Started GET "/photos/new" for 127.0.0.1 at 2013-10-04 20:10:33 -0700
Processing by PhotosController#new as HTML
  Rendered photos/_form.html.erb (1.2ms)
  Rendered photos/new.html.erb within layouts/application (1.9ms)
Completed 200 OK in 12ms (Views: 11.4ms | ActiveRecord: 0.0ms)


Started GET "/assets/photos.css?body=1" for 127.0.0.1 at 2013-10-04 20:10:33 -0700
Served asset /photos.css - 304 Not Modified (0ms)


Started GET "/assets/application.css?body=1" for 127.0.0.1 at 2013-10-04 20:10:33 -0700
Served asset /application.css - 304 Not Modified (0ms)


Started GET "/assets/photos.js?body=1" for 127.0.0.1 at 2013-10-04 20:10:33 -0700
Served asset /photos.js - 304 Not Modified (0ms)


Started GET "/assets/jquery.js?body=1" for 127.0.0.1 at 2013-10-04 20:10:33 -0700
Served asset /jquery.js - 304 Not Modified (0ms)


Started GET "/assets/jquery_ujs.js?body=1" for 127.0.0.1 at 2013-10-04 20:10:33 -0700
Served asset /jquery_ujs.js - 304 Not Modified (0ms)


Started GET "/assets/scaffolds.css?body=1" for 127.0.0.1 at 2013-10-04 20:10:33 -0700
Served asset /scaffolds.css - 304 Not Modified (0ms)


Started GET "/assets/application.js?body=1" for 127.0.0.1 at 2013-10-04 20:10:33 -0700
Served asset /application.js - 304 Not Modified (0ms)


Started POST "/photos" for 127.0.0.1 at 2013-10-04 20:11:55 -0700
Processing by PhotosController#create as HTML
  Parameters: {"utf8"=>"✓", "authenticity_token"=>"NsVONrVtTFGDQ7kcHt6OANWhXhTEjZy+CMsimiGGs5E=", "photo"=>{"photo"=>#<ActionDispatch::Http::UploadedFile:0x007fe317470930 @original_filename="968832_10100965984660906_78147130_n (1).jpg", @content_type="image/jpeg", @headers="Content-Disposition: form-data; name=\"photo[photo]\"; filename=\"968832_10100965984660906_78147130_n (1).jpg\"\r\nContent-Type: image/jpeg\r\n", @tempfile=#<File:/var/folders/b0/z8ck5ptj229fkz8qrh5qspcc0000gn/T/RackMultipart20131004-21206-11m3w46>>}, "commit"=>"Create Photo"}
Completed 500 Internal Server Error in 1ms

ActiveModel::MassAssignmentSecurity::Error (Can't mass-assign protected attributes: photo):
  app/controllers/photos_controller.rb:43:in `new'
  app/controllers/photos_controller.rb:43:in `create'


  Rendered /Users/johnfigueiredo/.rvm/rubies/ruby-1.9.3-head/lib/ruby/gems/1.9.1/gems/actionpack-3.2.13/lib/action_dispatch/middleware/templates/rescues/_trace.erb (1.0ms)
  Rendered /Users/johnfigueiredo/.rvm/rubies/ruby-1.9.3-head/lib/ruby/gems/1.9.1/gems/actionpack-3.2.13/lib/action_dispatch/middleware/templates/rescues/_request_and_response.erb (1.0ms)
  Rendered /Users/johnfigueiredo/.rvm/rubies/ruby-1.9.3-head/lib/ruby/gems/1.9.1/gems/actionpack-3.2.13/lib/action_dispatch/middleware/templates/rescues/diagnostics.erb within rescues/layout (10.1ms)


Started POST "/photos" for 127.0.0.1 at 2013-10-04 20:12:18 -0700
Processing by PhotosController#create as HTML
  Parameters: {"utf8"=>"✓", "authenticity_token"=>"NsVONrVtTFGDQ7kcHt6OANWhXhTEjZy+CMsimiGGs5E=", "photo"=>{"photo"=>#<ActionDispatch::Http::UploadedFile:0x007fe3173bde98 @original_filename="968832_10100965984660906_78147130_n (1).jpg", @content_type="image/jpeg", @headers="Content-Disposition: form-data; name=\"photo[photo]\"; filename=\"968832_10100965984660906_78147130_n (1).jpg\"\r\nContent-Type: image/jpeg\r\n", @tempfile=#<File:/var/folders/b0/z8ck5ptj229fkz8qrh5qspcc0000gn/T/RackMultipart20131004-21206-1bbw52z>>}, "commit"=>"Create Photo"}
Completed 500 Internal Server Error in 2ms

ActiveModel::MassAssignmentSecurity::Error (Can't mass-assign protected attributes: photo):
  app/controllers/photos_controller.rb:43:in `new'
  app/controllers/photos_controller.rb:43:in `create'


  Rendered /Users/johnfigueiredo/.rvm/rubies/ruby-1.9.3-head/lib/ruby/gems/1.9.1/gems/actionpack-3.2.13/lib/action_dispatch/middleware/templates/rescues/_trace.erb (1.0ms)
  Rendered /Users/johnfigueiredo/.rvm/rubies/ruby-1.9.3-head/lib/ruby/gems/1.9.1/gems/actionpack-3.2.13/lib/action_dispatch/middleware/templates/rescues/_request_and_response.erb (0.9ms)
  Rendered /Users/johnfigueiredo/.rvm/rubies/ruby-1.9.3-head/lib/ruby/gems/1.9.1/gems/actionpack-3.2.13/lib/action_dispatch/middleware/templates/rescues/diagnostics.erb within rescues/layout (8.1ms)


Started GET "/photos/new" for 127.0.0.1 at 2013-10-04 20:13:16 -0700
Processing by PhotosController#new as HTML
  Rendered photos/_form.html.erb (2.9ms)
  Rendered photos/new.html.erb within layouts/application (4.1ms)
Completed 200 OK in 21ms (Views: 13.1ms | ActiveRecord: 0.0ms)


Started GET "/assets/scaffolds.css?body=1" for 127.0.0.1 at 2013-10-04 20:13:17 -0700
Served asset /scaffolds.css - 304 Not Modified (0ms)


Started GET "/assets/application.css?body=1" for 127.0.0.1 at 2013-10-04 20:13:17 -0700
Served asset /application.css - 304 Not Modified (0ms)


Started GET "/assets/photos.css?body=1" for 127.0.0.1 at 2013-10-04 20:13:17 -0700
Served asset /photos.css - 304 Not Modified (0ms)


Started GET "/assets/jquery_ujs.js?body=1" for 127.0.0.1 at 2013-10-04 20:13:17 -0700
Served asset /jquery_ujs.js - 304 Not Modified (0ms)


Started GET "/assets/jquery.js?body=1" for 127.0.0.1 at 2013-10-04 20:13:17 -0700
Served asset /jquery.js - 304 Not Modified (0ms)


Started GET "/assets/photos.js?body=1" for 127.0.0.1 at 2013-10-04 20:13:17 -0700
Served asset /photos.js - 304 Not Modified (0ms)


Started GET "/assets/application.js?body=1" for 127.0.0.1 at 2013-10-04 20:13:17 -0700
Served asset /application.js - 304 Not Modified (0ms)


Started GET "/photos/new" for 127.0.0.1 at 2013-10-04 20:13:17 -0700
Processing by PhotosController#new as HTML
  Rendered photos/_form.html.erb (1.5ms)
  Rendered photos/new.html.erb within layouts/application (2.5ms)
Completed 200 OK in 14ms (Views: 13.7ms | ActiveRecord: 0.0ms)


Started GET "/assets/application.css?body=1" for 127.0.0.1 at 2013-10-04 20:13:17 -0700
Served asset /application.css - 304 Not Modified (0ms)


Started GET "/assets/scaffolds.css?body=1" for 127.0.0.1 at 2013-10-04 20:13:17 -0700
Served asset /scaffolds.css - 304 Not Modified (0ms)


Started GET "/assets/jquery.js?body=1" for 127.0.0.1 at 2013-10-04 20:13:17 -0700
Served asset /jquery.js - 304 Not Modified (0ms)


Started GET "/assets/jquery_ujs.js?body=1" for 127.0.0.1 at 2013-10-04 20:13:17 -0700
Served asset /jquery_ujs.js - 304 Not Modified (0ms)


Started GET "/assets/photos.js?body=1" for 127.0.0.1 at 2013-10-04 20:13:17 -0700
Served asset /photos.js - 304 Not Modified (0ms)


Started GET "/assets/photos.css?body=1" for 127.0.0.1 at 2013-10-04 20:13:18 -0700
Served asset /photos.css - 304 Not Modified (0ms)


Started GET "/assets/application.js?body=1" for 127.0.0.1 at 2013-10-04 20:13:18 -0700
Served asset /application.js - 304 Not Modified (0ms)


Started GET "/create" for 127.0.0.1 at 2013-10-04 20:13:28 -0700

ActionController::RoutingError (No route matches [GET] "/create"):
  actionpack (3.2.13) lib/action_dispatch/middleware/debug_exceptions.rb:21:in `call'
  actionpack (3.2.13) lib/action_dispatch/middleware/show_exceptions.rb:56:in `call'
  railties (3.2.13) lib/rails/rack/logger.rb:32:in `call_app'
  railties (3.2.13) lib/rails/rack/logger.rb:16:in `block in call'
  activesupport (3.2.13) lib/active_support/tagged_logging.rb:22:in `tagged'
  railties (3.2.13) lib/rails/rack/logger.rb:16:in `call'
  actionpack (3.2.13) lib/action_dispatch/middleware/request_id.rb:22:in `call'
  rack (1.4.5) lib/rack/methodoverride.rb:21:in `call'
  rack (1.4.5) lib/rack/runtime.rb:17:in `call'
  activesupport (3.2.13) lib/active_support/cache/strategy/local_cache.rb:72:in `call'
  rack (1.4.5) lib/rack/lock.rb:15:in `call'
  actionpack (3.2.13) lib/action_dispatch/middleware/static.rb:63:in `call'
  railties (3.2.13) lib/rails/engine.rb:479:in `call'
  railties (3.2.13) lib/rails/application.rb:223:in `call'
  rack (1.4.5) lib/rack/content_length.rb:14:in `call'
  railties (3.2.13) lib/rails/rack/log_tailer.rb:17:in `call'
  rack (1.4.5) lib/rack/handler/webrick.rb:59:in `service'
  /Users/johnfigueiredo/.rvm/rubies/ruby-1.9.3-head/lib/ruby/1.9.1/webrick/httpserver.rb:138:in `service'
  /Users/johnfigueiredo/.rvm/rubies/ruby-1.9.3-head/lib/ruby/1.9.1/webrick/httpserver.rb:94:in `run'
  /Users/johnfigueiredo/.rvm/rubies/ruby-1.9.3-head/lib/ruby/1.9.1/webrick/server.rb:191:in `block in start_thread'


  Rendered /Users/johnfigueiredo/.rvm/rubies/ruby-1.9.3-head/lib/ruby/gems/1.9.1/gems/actionpack-3.2.13/lib/action_dispatch/middleware/templates/rescues/routing_error.erb within rescues/layout (0.5ms)


Started GET "/new" for 127.0.0.1 at 2013-10-04 20:13:32 -0700

ActionController::RoutingError (No route matches [GET] "/new"):
  actionpack (3.2.13) lib/action_dispatch/middleware/debug_exceptions.rb:21:in `call'
  actionpack (3.2.13) lib/action_dispatch/middleware/show_exceptions.rb:56:in `call'
  railties (3.2.13) lib/rails/rack/logger.rb:32:in `call_app'
  railties (3.2.13) lib/rails/rack/logger.rb:16:in `block in call'
  activesupport (3.2.13) lib/active_support/tagged_logging.rb:22:in `tagged'
  railties (3.2.13) lib/rails/rack/logger.rb:16:in `call'
  actionpack (3.2.13) lib/action_dispatch/middleware/request_id.rb:22:in `call'
  rack (1.4.5) lib/rack/methodoverride.rb:21:in `call'
  rack (1.4.5) lib/rack/runtime.rb:17:in `call'
  activesupport (3.2.13) lib/active_support/cache/strategy/local_cache.rb:72:in `call'
  rack (1.4.5) lib/rack/lock.rb:15:in `call'
  actionpack (3.2.13) lib/action_dispatch/middleware/static.rb:63:in `call'
  railties (3.2.13) lib/rails/engine.rb:479:in `call'
  railties (3.2.13) lib/rails/application.rb:223:in `call'
  rack (1.4.5) lib/rack/content_length.rb:14:in `call'
  railties (3.2.13) lib/rails/rack/log_tailer.rb:17:in `call'
  rack (1.4.5) lib/rack/handler/webrick.rb:59:in `service'
  /Users/johnfigueiredo/.rvm/rubies/ruby-1.9.3-head/lib/ruby/1.9.1/webrick/httpserver.rb:138:in `service'
  /Users/johnfigueiredo/.rvm/rubies/ruby-1.9.3-head/lib/ruby/1.9.1/webrick/httpserver.rb:94:in `run'
  /Users/johnfigueiredo/.rvm/rubies/ruby-1.9.3-head/lib/ruby/1.9.1/webrick/server.rb:191:in `block in start_thread'


  Rendered /Users/johnfigueiredo/.rvm/rubies/ruby-1.9.3-head/lib/ruby/gems/1.9.1/gems/actionpack-3.2.13/lib/action_dispatch/middleware/templates/rescues/routing_error.erb within rescues/layout (0.8ms)


Started GET "/photos/new" for 127.0.0.1 at 2013-10-04 20:13:36 -0700
Processing by PhotosController#new as HTML
  Rendered photos/_form.html.erb (1.6ms)
  Rendered photos/new.html.erb within layouts/application (2.5ms)
Completed 200 OK in 12ms (Views: 11.8ms | ActiveRecord: 0.0ms)


Started GET "/assets/jquery.js?body=1" for 127.0.0.1 at 2013-10-04 20:13:36 -0700
Served asset /jquery.js - 304 Not Modified (0ms)


Started GET "/assets/scaffolds.css?body=1" for 127.0.0.1 at 2013-10-04 20:13:36 -0700
Served asset /scaffolds.css - 304 Not Modified (0ms)


Started GET "/assets/photos.css?body=1" for 127.0.0.1 at 2013-10-04 20:13:36 -0700
Served asset /photos.css - 304 Not Modified (0ms)


Started GET "/assets/photos.js?body=1" for 127.0.0.1 at 2013-10-04 20:13:36 -0700
Served asset /photos.js - 304 Not Modified (0ms)


Started GET "/assets/application.css?body=1" for 127.0.0.1 at 2013-10-04 20:13:36 -0700
Served asset /application.css - 304 Not Modified (0ms)


Started GET "/assets/jquery_ujs.js?body=1" for 127.0.0.1 at 2013-10-04 20:13:36 -0700
Served asset /jquery_ujs.js - 304 Not Modified (0ms)


Started GET "/assets/application.js?body=1" for 127.0.0.1 at 2013-10-04 20:13:36 -0700
Served asset /application.js - 304 Not Modified (0ms)


Started GET "/photos/new" for 127.0.0.1 at 2013-10-04 20:13:37 -0700
Processing by PhotosController#new as HTML
  Rendered photos/_form.html.erb (1.1ms)
  Rendered photos/new.html.erb within layouts/application (1.7ms)
Completed 200 OK in 11ms (Views: 11.1ms | ActiveRecord: 0.0ms)


Started GET "/assets/jquery.js?body=1" for 127.0.0.1 at 2013-10-04 20:13:37 -0700
Served asset /jquery.js - 304 Not Modified (0ms)


Started GET "/assets/scaffolds.css?body=1" for 127.0.0.1 at 2013-10-04 20:13:37 -0700
Served asset /scaffolds.css - 304 Not Modified (0ms)


Started GET "/assets/photos.css?body=1" for 127.0.0.1 at 2013-10-04 20:13:37 -0700
Served asset /photos.css - 304 Not Modified (0ms)


Started GET "/assets/application.css?body=1" for 127.0.0.1 at 2013-10-04 20:13:37 -0700
Served asset /application.css - 304 Not Modified (0ms)


Started GET "/assets/photos.js?body=1" for 127.0.0.1 at 2013-10-04 20:13:37 -0700
Served asset /photos.js - 304 Not Modified (0ms)


Started GET "/assets/jquery_ujs.js?body=1" for 127.0.0.1 at 2013-10-04 20:13:37 -0700
Served asset /jquery_ujs.js - 304 Not Modified (0ms)


Started GET "/assets/application.js?body=1" for 127.0.0.1 at 2013-10-04 20:13:37 -0700
Served asset /application.js - 304 Not Modified (0ms)


Started GET "/photos" for 127.0.0.1 at 2013-10-04 20:13:43 -0700
Processing by PhotosController#index as HTML
  [1m[35mPhoto Load (0.2ms)[0m  SELECT "photos".* FROM "photos" 
  Rendered photos/index.html.erb within layouts/application (0.4ms)
Completed 200 OK in 12ms (Views: 11.1ms | ActiveRecord: 0.2ms)


Started GET "/assets/scaffolds.css?body=1" for 127.0.0.1 at 2013-10-04 20:13:43 -0700
Served asset /scaffolds.css - 304 Not Modified (0ms)


Started GET "/assets/jquery.js?body=1" for 127.0.0.1 at 2013-10-04 20:13:43 -0700
Served asset /jquery.js - 304 Not Modified (0ms)


Started GET "/assets/application.css?body=1" for 127.0.0.1 at 2013-10-04 20:13:43 -0700
Served asset /application.css - 304 Not Modified (0ms)


Started GET "/assets/photos.css?body=1" for 127.0.0.1 at 2013-10-04 20:13:43 -0700
Served asset /photos.css - 304 Not Modified (0ms)


Started GET "/assets/jquery_ujs.js?body=1" for 127.0.0.1 at 2013-10-04 20:13:43 -0700
Served asset /jquery_ujs.js - 304 Not Modified (0ms)


Started GET "/assets/photos.js?body=1" for 127.0.0.1 at 2013-10-04 20:13:43 -0700
Served asset /photos.js - 304 Not Modified (0ms)


Started GET "/assets/application.js?body=1" for 127.0.0.1 at 2013-10-04 20:13:43 -0700
Served asset /application.js - 304 Not Modified (0ms)


Started GET "/photos/new" for 127.0.0.1 at 2013-10-04 20:13:46 -0700
Processing by PhotosController#new as HTML
  Rendered photos/_form.html.erb (1.5ms)
  Rendered photos/new.html.erb within layouts/application (2.3ms)
Completed 200 OK in 12ms (Views: 11.7ms | ActiveRecord: 0.0ms)


Started GET "/assets/application.css?body=1" for 127.0.0.1 at 2013-10-04 20:13:46 -0700
Served asset /application.css - 304 Not Modified (0ms)


Started GET "/assets/photos.css?body=1" for 127.0.0.1 at 2013-10-04 20:13:46 -0700
Served asset /photos.css - 304 Not Modified (0ms)


Started GET "/assets/scaffolds.css?body=1" for 127.0.0.1 at 2013-10-04 20:13:46 -0700
Served asset /scaffolds.css - 304 Not Modified (0ms)


Started GET "/assets/jquery.js?body=1" for 127.0.0.1 at 2013-10-04 20:13:46 -0700
Served asset /jquery.js - 304 Not Modified (0ms)


Started GET "/assets/jquery_ujs.js?body=1" for 127.0.0.1 at 2013-10-04 20:13:46 -0700
Served asset /jquery_ujs.js - 304 Not Modified (0ms)


Started GET "/assets/photos.js?body=1" for 127.0.0.1 at 2013-10-04 20:13:46 -0700
Served asset /photos.js - 304 Not Modified (0ms)


Started GET "/assets/application.js?body=1" for 127.0.0.1 at 2013-10-04 20:13:46 -0700
Served asset /application.js - 304 Not Modified (0ms)


Started GET "/photos/new" for 127.0.0.1 at 2013-10-04 20:14:00 -0700
Processing by PhotosController#new as HTML
  Rendered photos/_form.html.erb (1.9ms)
  Rendered photos/new.html.erb within layouts/application (2.8ms)
Completed 200 OK in 42ms (Views: 41.1ms | ActiveRecord: 0.0ms)


Started GET "/assets/application.css?body=1" for 127.0.0.1 at 2013-10-04 20:14:01 -0700
Served asset /application.css - 304 Not Modified (0ms)


Started GET "/assets/jquery_ujs.js?body=1" for 127.0.0.1 at 2013-10-04 20:14:01 -0700
Served asset /jquery_ujs.js - 304 Not Modified (0ms)


Started GET "/assets/jquery.js?body=1" for 127.0.0.1 at 2013-10-04 20:14:01 -0700
Served asset /jquery.js - 304 Not Modified (0ms)


Started GET "/assets/scaffolds.css?body=1" for 127.0.0.1 at 2013-10-04 20:14:01 -0700
Served asset /scaffolds.css - 304 Not Modified (0ms)


Started GET "/assets/photos.css?body=1" for 127.0.0.1 at 2013-10-04 20:14:01 -0700
Served asset /photos.css - 304 Not Modified (0ms)


Started GET "/assets/photos.js?body=1" for 127.0.0.1 at 2013-10-04 20:14:01 -0700
Served asset /photos.js - 304 Not Modified (0ms)


Started GET "/assets/application.js?body=1" for 127.0.0.1 at 2013-10-04 20:14:01 -0700
Served asset /application.js - 304 Not Modified (0ms)


Started GET "/photos/new" for 127.0.0.1 at 2013-10-04 20:14:02 -0700
Processing by PhotosController#new as HTML
  Rendered photos/_form.html.erb (40.3ms)
  Rendered photos/new.html.erb within layouts/application (41.2ms)
Completed 200 OK in 51ms (Views: 50.9ms | ActiveRecord: 0.0ms)


Started GET "/assets/application.css?body=1" for 127.0.0.1 at 2013-10-04 20:14:02 -0700
Served asset /application.css - 304 Not Modified (0ms)


Started GET "/assets/photos.css?body=1" for 127.0.0.1 at 2013-10-04 20:14:02 -0700
Served asset /photos.css - 304 Not Modified (0ms)


Started GET "/assets/jquery.js?body=1" for 127.0.0.1 at 2013-10-04 20:14:02 -0700
Served asset /jquery.js - 304 Not Modified (0ms)


Started GET "/assets/photos.js?body=1" for 127.0.0.1 at 2013-10-04 20:14:02 -0700
Served asset /photos.js - 304 Not Modified (0ms)


Started GET "/assets/scaffolds.css?body=1" for 127.0.0.1 at 2013-10-04 20:14:02 -0700
Served asset /scaffolds.css - 304 Not Modified (0ms)


Started GET "/assets/jquery_ujs.js?body=1" for 127.0.0.1 at 2013-10-04 20:14:02 -0700
Served asset /jquery_ujs.js - 304 Not Modified (0ms)


Started GET "/assets/application.js?body=1" for 127.0.0.1 at 2013-10-04 20:14:02 -0700
Served asset /application.js - 304 Not Modified (0ms)


Started GET "/photos/new" for 127.0.0.1 at 2013-10-04 20:14:03 -0700
Processing by PhotosController#new as HTML
  Rendered photos/_form.html.erb (0.9ms)
  Rendered photos/new.html.erb within layouts/application (1.6ms)
Completed 200 OK in 13ms (Views: 12.4ms | ActiveRecord: 0.0ms)


Started GET "/assets/application.css?body=1" for 127.0.0.1 at 2013-10-04 20:14:03 -0700
Served asset /application.css - 304 Not Modified (0ms)


Started GET "/assets/jquery_ujs.js?body=1" for 127.0.0.1 at 2013-10-04 20:14:03 -0700
Served asset /jquery_ujs.js - 304 Not Modified (0ms)


Started GET "/assets/photos.css?body=1" for 127.0.0.1 at 2013-10-04 20:14:03 -0700
Served asset /photos.css - 304 Not Modified (0ms)


Started GET "/assets/scaffolds.css?body=1" for 127.0.0.1 at 2013-10-04 20:14:03 -0700
Served asset /scaffolds.css - 304 Not Modified (0ms)


Started GET "/assets/jquery.js?body=1" for 127.0.0.1 at 2013-10-04 20:14:03 -0700
Served asset /jquery.js - 304 Not Modified (0ms)


Started GET "/assets/photos.js?body=1" for 127.0.0.1 at 2013-10-04 20:14:03 -0700
Served asset /photos.js - 304 Not Modified (0ms)


Started GET "/assets/application.js?body=1" for 127.0.0.1 at 2013-10-04 20:14:03 -0700
Served asset /application.js - 304 Not Modified (0ms)


Started GET "/photos/new" for 127.0.0.1 at 2013-10-04 20:14:08 -0700
Processing by PhotosController#new as HTML
  Rendered photos/_form.html.erb (2.2ms)
  Rendered photos/new.html.erb within layouts/application (3.0ms)
Completed 200 OK in 15ms (Views: 14.3ms | ActiveRecord: 0.0ms)


Started GET "/assets/photos.css?body=1" for 127.0.0.1 at 2013-10-04 20:14:08 -0700
Served asset /photos.css - 304 Not Modified (0ms)


Started GET "/assets/application.css?body=1" for 127.0.0.1 at 2013-10-04 20:14:08 -0700
Served asset /application.css - 304 Not Modified (0ms)


Started GET "/assets/photos.js?body=1" for 127.0.0.1 at 2013-10-04 20:14:08 -0700
Served asset /photos.js - 304 Not Modified (0ms)


Started GET "/assets/scaffolds.css?body=1" for 127.0.0.1 at 2013-10-04 20:14:08 -0700
Served asset /scaffolds.css - 304 Not Modified (0ms)


Started GET "/assets/jquery_ujs.js?body=1" for 127.0.0.1 at 2013-10-04 20:14:08 -0700
Served asset /jquery_ujs.js - 304 Not Modified (0ms)


Started GET "/assets/jquery.js?body=1" for 127.0.0.1 at 2013-10-04 20:14:08 -0700
Served asset /jquery.js - 304 Not Modified (0ms)


Started GET "/assets/application.js?body=1" for 127.0.0.1 at 2013-10-04 20:14:08 -0700
Served asset /application.js - 304 Not Modified (0ms)


Started POST "/photos" for 127.0.0.1 at 2013-10-04 20:14:20 -0700
Processing by PhotosController#create as HTML
  Parameters: {"utf8"=>"✓", "authenticity_token"=>"NsVONrVtTFGDQ7kcHt6OANWhXhTEjZy+CMsimiGGs5E=", "photo"=>{"photo"=>#<ActionDispatch::Http::UploadedFile:0x007fe317524ef8 @original_filename="968832_10100965984660906_78147130_n (1).jpg", @content_type="image/jpeg", @headers="Content-Disposition: form-data; name=\"photo[photo]\"; filename=\"968832_10100965984660906_78147130_n (1).jpg\"\r\nContent-Type: image/jpeg\r\n", @tempfile=#<File:/var/folders/b0/z8ck5ptj229fkz8qrh5qspcc0000gn/T/RackMultipart20131004-21206-jk1z4y>>}, "commit"=>"Create Photo"}
Completed 500 Internal Server Error in 4ms

ActiveModel::MassAssignmentSecurity::Error (Can't mass-assign protected attributes: photo):
  app/controllers/photos_controller.rb:43:in `new'
  app/controllers/photos_controller.rb:43:in `create'


  Rendered /Users/johnfigueiredo/.rvm/rubies/ruby-1.9.3-head/lib/ruby/gems/1.9.1/gems/actionpack-3.2.13/lib/action_dispatch/middleware/templates/rescues/_trace.erb (1.2ms)
  Rendered /Users/johnfigueiredo/.rvm/rubies/ruby-1.9.3-head/lib/ruby/gems/1.9.1/gems/actionpack-3.2.13/lib/action_dispatch/middleware/templates/rescues/_request_and_response.erb (0.9ms)
  Rendered /Users/johnfigueiredo/.rvm/rubies/ruby-1.9.3-head/lib/ruby/gems/1.9.1/gems/actionpack-3.2.13/lib/action_dispatch/middleware/templates/rescues/diagnostics.erb within rescues/layout (8.9ms)


Started POST "/photos" for 127.0.0.1 at 2013-10-04 20:15:30 -0700
Processing by PhotosController#create as HTML
  Parameters: {"utf8"=>"✓", "authenticity_token"=>"NsVONrVtTFGDQ7kcHt6OANWhXhTEjZy+CMsimiGGs5E=", "photo"=>{"photo"=>#<ActionDispatch::Http::UploadedFile:0x007fe317255678 @original_filename="968832_10100965984660906_78147130_n (1).jpg", @content_type="image/jpeg", @headers="Content-Disposition: form-data; name=\"photo[photo]\"; filename=\"968832_10100965984660906_78147130_n (1).jpg\"\r\nContent-Type: image/jpeg\r\n", @tempfile=#<File:/var/folders/b0/z8ck5ptj229fkz8qrh5qspcc0000gn/T/RackMultipart20131004-21206-wmscg6>>}, "commit"=>"Create Photo"}
Command :: identify -format '%wx%h,%[exif:orientation]' '/var/folders/b0/z8ck5ptj229fkz8qrh5qspcc0000gn/T/968832_10100965984660906_78147130_n (1)20131004-21206-1yr9c7k.jpg[0]'
Command :: identify -format %m '/var/folders/b0/z8ck5ptj229fkz8qrh5qspcc0000gn/T/968832_10100965984660906_78147130_n (1)20131004-21206-1yr9c7k.jpg[0]'
Command :: identify -format %m '/var/folders/b0/z8ck5ptj229fkz8qrh5qspcc0000gn/T/968832_10100965984660906_78147130_n (1)20131004-21206-1yr9c7k.jpg[0]'
Command :: identify -format %m '/var/folders/b0/z8ck5ptj229fkz8qrh5qspcc0000gn/T/968832_10100965984660906_78147130_n (1)20131004-21206-1yr9c7k.jpg[0]'
Command :: convert '/var/folders/b0/z8ck5ptj229fkz8qrh5qspcc0000gn/T/968832_10100965984660906_78147130_n (1)20131004-21206-1yr9c7k.jpg[0]' -auto-orient -resize "150x150>" '/var/folders/b0/z8ck5ptj229fkz8qrh5qspcc0000gn/T/968832_10100965984660906_78147130_n (1)20131004-21206-1yr9c7k20131004-21206-1km78jh'
Command :: file -b --mime '/var/folders/b0/z8ck5ptj229fkz8qrh5qspcc0000gn/T/968832_10100965984660906_78147130_n (1)20131004-21206-1yr9c7k20131004-21206-1km78jh'
  [1m[36m (0.1ms)[0m  [1mbegin transaction[0m
Binary data inserted for `string` type on column `photo_content_type`
  [1m[35mSQL (11.6ms)[0m  INSERT INTO "photos" ("created_at", "photo_content_type", "photo_file_name", "photo_file_size", "photo_updated_at", "updated_at") VALUES (?, ?, ?, ?, ?, ?)  [["created_at", Sat, 05 Oct 2013 03:15:31 UTC +00:00], ["photo_content_type", "image/jpeg"], ["photo_file_name", "968832_10100965984660906_78147130_n_(1).jpg"], ["photo_file_size", 124049], ["photo_updated_at", Sat, 05 Oct 2013 03:15:30 UTC +00:00], ["updated_at", Sat, 05 Oct 2013 03:15:31 UTC +00:00]]
  [1m[36m (1.0ms)[0m  [1mcommit transaction[0m
Redirected to http://localhost:3000/photos/1
Completed 302 Found in 325ms (ActiveRecord: 13.2ms)


Started GET "/photos/1" for 127.0.0.1 at 2013-10-04 20:15:31 -0700
Processing by PhotosController#show as HTML
  Parameters: {"id"=>"1"}
  [1m[35mPhoto Load (0.3ms)[0m  SELECT "photos".* FROM "photos" WHERE "photos"."id" = ? LIMIT 1  [["id", "1"]]
  Rendered photos/show.html.erb within layouts/application (2.1ms)
Completed 200 OK in 15ms (Views: 12.0ms | ActiveRecord: 0.3ms)


Started GET "/assets/application.css?body=1" for 127.0.0.1 at 2013-10-04 20:15:31 -0700
Served asset /application.css - 304 Not Modified (0ms)


Started GET "/assets/photos.css?body=1" for 127.0.0.1 at 2013-10-04 20:15:31 -0700
Served asset /photos.css - 304 Not Modified (0ms)


Started GET "/assets/jquery_ujs.js?body=1" for 127.0.0.1 at 2013-10-04 20:15:31 -0700
Served asset /jquery_ujs.js - 304 Not Modified (0ms)


Started GET "/assets/scaffolds.css?body=1" for 127.0.0.1 at 2013-10-04 20:15:31 -0700
Served asset /scaffolds.css - 304 Not Modified (0ms)


Started GET "/assets/jquery.js?body=1" for 127.0.0.1 at 2013-10-04 20:15:31 -0700
Served asset /jquery.js - 304 Not Modified (0ms)


Started GET "/assets/photos.js?body=1" for 127.0.0.1 at 2013-10-04 20:15:31 -0700
Served asset /photos.js - 304 Not Modified (0ms)


Started GET "/assets/application.js?body=1" for 127.0.0.1 at 2013-10-04 20:15:31 -0700
Served asset /application.js - 304 Not Modified (0ms)


Started GET "/photos" for 127.0.0.1 at 2013-10-04 20:15:33 -0700
Processing by PhotosController#index as HTML
  [1m[36mPhoto Load (0.2ms)[0m  [1mSELECT "photos".* FROM "photos" [0m
  Rendered photos/index.html.erb within layouts/application (1.7ms)
Completed 200 OK in 16ms (Views: 13.9ms | ActiveRecord: 0.2ms)


Started GET "/assets/application.css?body=1" for 127.0.0.1 at 2013-10-04 20:15:33 -0700
Served asset /application.css - 304 Not Modified (0ms)


Started GET "/assets/photos.css?body=1" for 127.0.0.1 at 2013-10-04 20:15:33 -0700
Served asset /photos.css - 304 Not Modified (0ms)


Started GET "/assets/photos.js?body=1" for 127.0.0.1 at 2013-10-04 20:15:33 -0700
Served asset /photos.js - 304 Not Modified (0ms)


Started GET "/assets/scaffolds.css?body=1" for 127.0.0.1 at 2013-10-04 20:15:33 -0700
Served asset /scaffolds.css - 304 Not Modified (0ms)


Started GET "/assets/jquery_ujs.js?body=1" for 127.0.0.1 at 2013-10-04 20:15:33 -0700
Served asset /jquery_ujs.js - 304 Not Modified (0ms)


Started GET "/assets/jquery.js?body=1" for 127.0.0.1 at 2013-10-04 20:15:33 -0700
Served asset /jquery.js - 304 Not Modified (0ms)


Started GET "/assets/application.js?body=1" for 127.0.0.1 at 2013-10-04 20:15:33 -0700
Served asset /application.js - 304 Not Modified (0ms)


Started GET "/photos/1" for 127.0.0.1 at 2013-10-04 20:15:37 -0700
Processing by PhotosController#show as HTML
  Parameters: {"id"=>"1"}
  [1m[35mPhoto Load (0.2ms)[0m  SELECT "photos".* FROM "photos" WHERE "photos"."id" = ? LIMIT 1  [["id", "1"]]
  Rendered photos/show.html.erb within layouts/application (1.9ms)
Completed 200 OK in 14ms (Views: 12.5ms | ActiveRecord: 0.2ms)


Started GET "/assets/scaffolds.css?body=1" for 127.0.0.1 at 2013-10-04 20:15:37 -0700
Served asset /scaffolds.css - 304 Not Modified (0ms)


Started GET "/assets/application.css?body=1" for 127.0.0.1 at 2013-10-04 20:15:37 -0700
Served asset /application.css - 304 Not Modified (0ms)


Started GET "/assets/jquery_ujs.js?body=1" for 127.0.0.1 at 2013-10-04 20:15:37 -0700
Served asset /jquery_ujs.js - 304 Not Modified (0ms)


Started GET "/assets/jquery.js?body=1" for 127.0.0.1 at 2013-10-04 20:15:37 -0700
Served asset /jquery.js - 304 Not Modified (0ms)


Started GET "/assets/photos.css?body=1" for 127.0.0.1 at 2013-10-04 20:15:37 -0700
Served asset /photos.css - 304 Not Modified (0ms)


Started GET "/assets/photos.js?body=1" for 127.0.0.1 at 2013-10-04 20:15:37 -0700
Served asset /photos.js - 304 Not Modified (0ms)


Started GET "/assets/application.js?body=1" for 127.0.0.1 at 2013-10-04 20:15:37 -0700
Served asset /application.js - 304 Not Modified (0ms)


Started GET "/photos" for 127.0.0.1 at 2013-10-04 20:15:40 -0700
Processing by PhotosController#index as HTML
  [1m[36mPhoto Load (0.2ms)[0m  [1mSELECT "photos".* FROM "photos" [0m
  Rendered photos/index.html.erb within layouts/application (1.2ms)
Completed 200 OK in 13ms (Views: 12.2ms | ActiveRecord: 0.2ms)


Started GET "/assets/application.css?body=1" for 127.0.0.1 at 2013-10-04 20:15:40 -0700
Served asset /application.css - 304 Not Modified (0ms)


Started GET "/assets/photos.css?body=1" for 127.0.0.1 at 2013-10-04 20:15:40 -0700
Served asset /photos.css - 304 Not Modified (0ms)


Started GET "/assets/scaffolds.css?body=1" for 127.0.0.1 at 2013-10-04 20:15:40 -0700
Served asset /scaffolds.css - 304 Not Modified (0ms)


Started GET "/assets/jquery.js?body=1" for 127.0.0.1 at 2013-10-04 20:15:40 -0700
Served asset /jquery.js - 304 Not Modified (0ms)


Started GET "/assets/photos.js?body=1" for 127.0.0.1 at 2013-10-04 20:15:40 -0700
Served asset /photos.js - 304 Not Modified (1ms)


Started GET "/assets/jquery_ujs.js?body=1" for 127.0.0.1 at 2013-10-04 20:15:40 -0700
Served asset /jquery_ujs.js - 304 Not Modified (0ms)


Started GET "/assets/application.js?body=1" for 127.0.0.1 at 2013-10-04 20:15:40 -0700
Served asset /application.js - 304 Not Modified (0ms)
Connecting to database specified by database.yml


Started GET "/photos" for 127.0.0.1 at 2013-10-04 20:16:42 -0700
Processing by PhotosController#index as HTML
  [1m[36mPhoto Load (0.1ms)[0m  [1mSELECT "photos".* FROM "photos" [0m
  Rendered photos/index.html.erb within layouts/application (6.2ms)
Completed 200 OK in 123ms (Views: 65.6ms | ActiveRecord: 2.5ms)


Started GET "/assets/application.css?body=1" for 127.0.0.1 at 2013-10-04 20:16:42 -0700
Served asset /application.css - 304 Not Modified (6ms)


Started GET "/assets/scaffolds.css?body=1" for 127.0.0.1 at 2013-10-04 20:16:42 -0700
Served asset /scaffolds.css - 304 Not Modified (2ms)


Started GET "/assets/jquery.js?body=1" for 127.0.0.1 at 2013-10-04 20:16:42 -0700
Served asset /jquery.js - 304 Not Modified (4ms)


Started GET "/assets/photos.css?body=1" for 127.0.0.1 at 2013-10-04 20:16:42 -0700
Served asset /photos.css - 304 Not Modified (2ms)


Started GET "/assets/photos.js?body=1" for 127.0.0.1 at 2013-10-04 20:16:42 -0700
Served asset /photos.js - 304 Not Modified (1ms)


Started GET "/assets/jquery_ujs.js?body=1" for 127.0.0.1 at 2013-10-04 20:16:42 -0700
Served asset /jquery_ujs.js - 304 Not Modified (3ms)


Started GET "/assets/application.js?body=1" for 127.0.0.1 at 2013-10-04 20:16:42 -0700
Served asset /application.js - 304 Not Modified (4ms)


Started GET "/photos" for 127.0.0.1 at 2013-10-04 20:16:43 -0700
Processing by PhotosController#index as HTML
  [1m[35mPhoto Load (0.2ms)[0m  SELECT "photos".* FROM "photos" 
  Rendered photos/index.html.erb within layouts/application (1.4ms)
Completed 200 OK in 17ms (Views: 15.7ms | ActiveRecord: 0.2ms)


Started GET "/assets/application.css?body=1" for 127.0.0.1 at 2013-10-04 20:16:43 -0700
Served asset /application.css - 304 Not Modified (0ms)


Started GET "/assets/jquery.js?body=1" for 127.0.0.1 at 2013-10-04 20:16:43 -0700
Served asset /jquery.js - 304 Not Modified (0ms)


Started GET "/assets/photos.css?body=1" for 127.0.0.1 at 2013-10-04 20:16:43 -0700
Served asset /photos.css - 304 Not Modified (0ms)


Started GET "/assets/scaffolds.css?body=1" for 127.0.0.1 at 2013-10-04 20:16:43 -0700
Served asset /scaffolds.css - 304 Not Modified (0ms)


Started GET "/assets/jquery_ujs.js?body=1" for 127.0.0.1 at 2013-10-04 20:16:43 -0700
Served asset /jquery_ujs.js - 304 Not Modified (0ms)


Started GET "/assets/photos.js?body=1" for 127.0.0.1 at 2013-10-04 20:16:43 -0700
Served asset /photos.js - 304 Not Modified (0ms)


Started GET "/assets/application.js?body=1" for 127.0.0.1 at 2013-10-04 20:16:43 -0700
Served asset /application.js - 304 Not Modified (0ms)


Started GET "/photos/1" for 127.0.0.1 at 2013-10-04 20:16:44 -0700
Processing by PhotosController#show as HTML
  Parameters: {"id"=>"1"}
  [1m[36mPhoto Load (0.3ms)[0m  [1mSELECT "photos".* FROM "photos" WHERE "photos"."id" = ? LIMIT 1[0m  [["id", "1"]]
  Rendered photos/show.html.erb within layouts/application (2.5ms)
Completed 200 OK in 16ms (Views: 13.6ms | ActiveRecord: 0.3ms)


Started GET "/assets/application.css?body=1" for 127.0.0.1 at 2013-10-04 20:16:44 -0700
Served asset /application.css - 304 Not Modified (0ms)


Started GET "/assets/photos.js?body=1" for 127.0.0.1 at 2013-10-04 20:16:44 -0700
Served asset /photos.js - 304 Not Modified (0ms)


Started GET "/assets/photos.css?body=1" for 127.0.0.1 at 2013-10-04 20:16:44 -0700
Served asset /photos.css - 304 Not Modified (0ms)


Started GET "/assets/jquery_ujs.js?body=1" for 127.0.0.1 at 2013-10-04 20:16:44 -0700
Served asset /jquery_ujs.js - 304 Not Modified (0ms)


Started GET "/assets/jquery.js?body=1" for 127.0.0.1 at 2013-10-04 20:16:44 -0700
Served asset /jquery.js - 304 Not Modified (0ms)


Started GET "/assets/scaffolds.css?body=1" for 127.0.0.1 at 2013-10-04 20:16:44 -0700
Served asset /scaffolds.css - 304 Not Modified (0ms)


Started GET "/assets/application.js?body=1" for 127.0.0.1 at 2013-10-04 20:16:44 -0700
Served asset /application.js - 304 Not Modified (0ms)


Started GET "/photos" for 127.0.0.1 at 2013-10-04 20:16:48 -0700
Processing by PhotosController#index as HTML
  [1m[35mPhoto Load (0.1ms)[0m  SELECT "photos".* FROM "photos" 
  Rendered photos/index.html.erb within layouts/application (0.8ms)
Completed 200 OK in 10ms (Views: 8.9ms | ActiveRecord: 0.1ms)


Started GET "/assets/application.css?body=1" for 127.0.0.1 at 2013-10-04 20:16:48 -0700
Served asset /application.css - 304 Not Modified (0ms)


Started GET "/assets/jquery_ujs.js?body=1" for 127.0.0.1 at 2013-10-04 20:16:48 -0700
Served asset /jquery_ujs.js - 304 Not Modified (0ms)


Started GET "/assets/photos.js?body=1" for 127.0.0.1 at 2013-10-04 20:16:48 -0700
Served asset /photos.js - 304 Not Modified (0ms)


Started GET "/assets/photos.css?body=1" for 127.0.0.1 at 2013-10-04 20:16:48 -0700
Served asset /photos.css - 304 Not Modified (0ms)


Started GET "/assets/jquery.js?body=1" for 127.0.0.1 at 2013-10-04 20:16:48 -0700
Served asset /jquery.js - 304 Not Modified (0ms)


Started GET "/assets/scaffolds.css?body=1" for 127.0.0.1 at 2013-10-04 20:16:48 -0700
Served asset /scaffolds.css - 304 Not Modified (0ms)


Started GET "/assets/application.js?body=1" for 127.0.0.1 at 2013-10-04 20:16:48 -0700
Served asset /application.js - 304 Not Modified (0ms)


Started GET "/assets/rails.png" for 127.0.0.1 at 2013-10-04 20:17:00 -0700
Served asset /rails.png - 304 Not Modified (1ms)


Started GET "/photos" for 127.0.0.1 at 2013-10-04 20:17:05 -0700
Processing by PhotosController#index as HTML
  [1m[36mPhoto Load (0.1ms)[0m  [1mSELECT "photos".* FROM "photos" [0m
  Rendered photos/index.html.erb within layouts/application (1.3ms)
Completed 200 OK in 18ms (Views: 16.7ms | ActiveRecord: 0.1ms)


Started GET "/assets/application.css?body=1" for 127.0.0.1 at 2013-10-04 20:17:05 -0700
Served asset /application.css - 304 Not Modified (0ms)


Started GET "/assets/scaffolds.css?body=1" for 127.0.0.1 at 2013-10-04 20:17:05 -0700
Served asset /scaffolds.css - 304 Not Modified (0ms)


Started GET "/assets/jquery.js?body=1" for 127.0.0.1 at 2013-10-04 20:17:05 -0700
Served asset /jquery.js - 304 Not Modified (0ms)


Started GET "/assets/jquery_ujs.js?body=1" for 127.0.0.1 at 2013-10-04 20:17:05 -0700
Served asset /jquery_ujs.js - 304 Not Modified (0ms)


Started GET "/assets/photos.css?body=1" for 127.0.0.1 at 2013-10-04 20:17:05 -0700
Served asset /photos.css - 304 Not Modified (0ms)


Started GET "/assets/photos.js?body=1" for 127.0.0.1 at 2013-10-04 20:17:05 -0700
Served asset /photos.js - 304 Not Modified (0ms)


Started GET "/assets/application.js?body=1" for 127.0.0.1 at 2013-10-04 20:17:05 -0700
Served asset /application.js - 304 Not Modified (0ms)


Started GET "/photos/edit" for 127.0.0.1 at 2013-10-04 20:17:13 -0700
Processing by PhotosController#show as HTML
  Parameters: {"id"=>"edit"}
  [1m[35mPhoto Load (0.1ms)[0m  SELECT "photos".* FROM "photos" WHERE "photos"."id" = ? LIMIT 1  [["id", "edit"]]
Completed 404 Not Found in 1ms

ActiveRecord::RecordNotFound (Couldn't find Photo with id=edit):
  app/controllers/photos_controller.rb:16:in `show'


  Rendered /Users/johnfigueiredo/.rvm/rubies/ruby-1.9.3-head/lib/ruby/gems/1.9.1/gems/actionpack-3.2.13/lib/action_dispatch/middleware/templates/rescues/_trace.erb (1.2ms)
  Rendered /Users/johnfigueiredo/.rvm/rubies/ruby-1.9.3-head/lib/ruby/gems/1.9.1/gems/actionpack-3.2.13/lib/action_dispatch/middleware/templates/rescues/_request_and_response.erb (0.8ms)
  Rendered /Users/johnfigueiredo/.rvm/rubies/ruby-1.9.3-head/lib/ruby/gems/1.9.1/gems/actionpack-3.2.13/lib/action_dispatch/middleware/templates/rescues/diagnostics.erb within rescues/layout (9.5ms)


Started GET "/photos/edit/1" for 127.0.0.1 at 2013-10-04 20:17:18 -0700

ActionController::RoutingError (No route matches [GET] "/photos/edit/1"):
  actionpack (3.2.13) lib/action_dispatch/middleware/debug_exceptions.rb:21:in `call'
  actionpack (3.2.13) lib/action_dispatch/middleware/show_exceptions.rb:56:in `call'
  railties (3.2.13) lib/rails/rack/logger.rb:32:in `call_app'
  railties (3.2.13) lib/rails/rack/logger.rb:16:in `block in call'
  activesupport (3.2.13) lib/active_support/tagged_logging.rb:22:in `tagged'
  railties (3.2.13) lib/rails/rack/logger.rb:16:in `call'
  actionpack (3.2.13) lib/action_dispatch/middleware/request_id.rb:22:in `call'
  rack (1.4.5) lib/rack/methodoverride.rb:21:in `call'
  rack (1.4.5) lib/rack/runtime.rb:17:in `call'
  activesupport (3.2.13) lib/active_support/cache/strategy/local_cache.rb:72:in `call'
  rack (1.4.5) lib/rack/lock.rb:15:in `call'
  actionpack (3.2.13) lib/action_dispatch/middleware/static.rb:63:in `call'
  railties (3.2.13) lib/rails/engine.rb:479:in `call'
  railties (3.2.13) lib/rails/application.rb:223:in `call'
  rack (1.4.5) lib/rack/content_length.rb:14:in `call'
  railties (3.2.13) lib/rails/rack/log_tailer.rb:17:in `call'
  rack (1.4.5) lib/rack/handler/webrick.rb:59:in `service'
  /Users/johnfigueiredo/.rvm/rubies/ruby-1.9.3-head/lib/ruby/1.9.1/webrick/httpserver.rb:138:in `service'
  /Users/johnfigueiredo/.rvm/rubies/ruby-1.9.3-head/lib/ruby/1.9.1/webrick/httpserver.rb:94:in `run'
  /Users/johnfigueiredo/.rvm/rubies/ruby-1.9.3-head/lib/ruby/1.9.1/webrick/server.rb:191:in `block in start_thread'


  Rendered /Users/johnfigueiredo/.rvm/rubies/ruby-1.9.3-head/lib/ruby/gems/1.9.1/gems/actionpack-3.2.13/lib/action_dispatch/middleware/templates/rescues/routing_error.erb within rescues/layout (0.7ms)


Started GET "/photos/create" for 127.0.0.1 at 2013-10-04 20:17:22 -0700
Processing by PhotosController#show as HTML
  Parameters: {"id"=>"create"}
  [1m[36mPhoto Load (0.1ms)[0m  [1mSELECT "photos".* FROM "photos" WHERE "photos"."id" = ? LIMIT 1[0m  [["id", "create"]]
Completed 404 Not Found in 1ms

ActiveRecord::RecordNotFound (Couldn't find Photo with id=create):
  app/controllers/photos_controller.rb:16:in `show'


  Rendered /Users/johnfigueiredo/.rvm/rubies/ruby-1.9.3-head/lib/ruby/gems/1.9.1/gems/actionpack-3.2.13/lib/action_dispatch/middleware/templates/rescues/_trace.erb (1.3ms)
  Rendered /Users/johnfigueiredo/.rvm/rubies/ruby-1.9.3-head/lib/ruby/gems/1.9.1/gems/actionpack-3.2.13/lib/action_dispatch/middleware/templates/rescues/_request_and_response.erb (1.2ms)
  Rendered /Users/johnfigueiredo/.rvm/rubies/ruby-1.9.3-head/lib/ruby/gems/1.9.1/gems/actionpack-3.2.13/lib/action_dispatch/middleware/templates/rescues/diagnostics.erb within rescues/layout (12.7ms)


Started GET "/photos/new" for 127.0.0.1 at 2013-10-04 20:17:26 -0700
Processing by PhotosController#new as HTML
  Rendered photos/_form.html.erb (8.4ms)
  Rendered photos/new.html.erb within layouts/application (14.3ms)
Completed 200 OK in 28ms (Views: 26.8ms | ActiveRecord: 0.0ms)


Started GET "/assets/application.css?body=1" for 127.0.0.1 at 2013-10-04 20:17:26 -0700
Served asset /application.css - 304 Not Modified (0ms)


Started GET "/assets/jquery.js?body=1" for 127.0.0.1 at 2013-10-04 20:17:26 -0700
Served asset /jquery.js - 304 Not Modified (0ms)


Started GET "/assets/scaffolds.css?body=1" for 127.0.0.1 at 2013-10-04 20:17:26 -0700
Served asset /scaffolds.css - 304 Not Modified (0ms)


Started GET "/assets/photos.css?body=1" for 127.0.0.1 at 2013-10-04 20:17:26 -0700
Served asset /photos.css - 304 Not Modified (0ms)


Started GET "/assets/jquery_ujs.js?body=1" for 127.0.0.1 at 2013-10-04 20:17:26 -0700
Served asset /jquery_ujs.js - 304 Not Modified (0ms)


Started GET "/assets/photos.js?body=1" for 127.0.0.1 at 2013-10-04 20:17:26 -0700
Served asset /photos.js - 304 Not Modified (0ms)


Started GET "/assets/application.js?body=1" for 127.0.0.1 at 2013-10-04 20:17:26 -0700
Served asset /application.js - 304 Not Modified (0ms)
