Connecting to database specified by database.yml
Connecting to database specified by database.yml
Connecting to database specified by database.yml
Connecting to database specified by database.yml
Started GET "/photos" for 127.0.0.1 at 2013-10-05 10:32:08 -0700
Processing by PhotosController#index as HTML
  Rendered photos/index.html.erb within layouts/application (9.7ms)
Completed 500 Internal Server Error in 90ms

ActionView::Template::Error (application.css isn't precompiled):
    2: <html>
    3: <head>
    4:   <title>InstagramIsh</title>
    5:   <%= stylesheet_link_tag    "application", :media => "all" %>
    6:   <%= javascript_include_tag "application" %>
    7:   <%= csrf_meta_tags %>
    8: </head>
  app/views/layouts/application.html.erb:5:in `_app_views_layouts_application_html_erb__4559935658899874533_70267093320060'
  app/controllers/photos_controller.rb:7:in `index'


Started GET "/favicon.ico" for 127.0.0.1 at 2013-10-05 10:32:08 -0700

ActionController::RoutingError (No route matches [GET] "/favicon.ico"):
  actionpack (3.2.13) lib/action_dispatch/middleware/debug_exceptions.rb:21:in `call'
  actionpack (3.2.13) lib/action_dispatch/middleware/show_exceptions.rb:56:in `call'
  railties (3.2.13) lib/rails/rack/logger.rb:32:in `call_app'
  railties (3.2.13) lib/rails/rack/logger.rb:16:in `block in call'
  activesupport (3.2.13) lib/active_support/tagged_logging.rb:22:in `tagged'
  railties (3.2.13) lib/rails/rack/logger.rb:16:in `call'
  actionpack (3.2.13) lib/action_dispatch/middleware/request_id.rb:22:in `call'
  rack (1.4.5) lib/rack/methodoverride.rb:21:in `call'
  rack (1.4.5) lib/rack/runtime.rb:17:in `call'
  activesupport (3.2.13) lib/active_support/cache/strategy/local_cache.rb:72:in `call'
  rack (1.4.5) lib/rack/lock.rb:15:in `call'
  rack-cache (1.2) lib/rack/cache/context.rb:136:in `forward'
  rack-cache (1.2) lib/rack/cache/context.rb:245:in `fetch'
  rack-cache (1.2) lib/rack/cache/context.rb:185:in `lookup'
  rack-cache (1.2) lib/rack/cache/context.rb:66:in `call!'
  rack-cache (1.2) lib/rack/cache/context.rb:51:in `call'
  railties (3.2.13) lib/rails/engine.rb:479:in `call'
  railties (3.2.13) lib/rails/application.rb:223:in `call'
  rack (1.4.5) lib/rack/content_length.rb:14:in `call'
  railties (3.2.13) lib/rails/rack/log_tailer.rb:17:in `call'
  rack (1.4.5) lib/rack/handler/webrick.rb:59:in `service'
  /Users/johnfigueiredo/.rvm/rubies/ruby-1.9.3-head/lib/ruby/1.9.1/webrick/httpserver.rb:138:in `service'
  /Users/johnfigueiredo/.rvm/rubies/ruby-1.9.3-head/lib/ruby/1.9.1/webrick/httpserver.rb:94:in `run'
  /Users/johnfigueiredo/.rvm/rubies/ruby-1.9.3-head/lib/ruby/1.9.1/webrick/server.rb:191:in `block in start_thread'


Started GET "/photos_api" for 127.0.0.1 at 2013-10-05 10:32:13 -0700
Processing by PhotosApiController#index as HTML
Completed 200 OK in 3ms (Views: 0.3ms | ActiveRecord: 0.4ms)
Started GET "/photos_api" for 127.0.0.1 at 2013-10-05 10:32:20 -0700
Processing by PhotosApiController#index as HTML
Completed 200 OK in 2ms (Views: 0.2ms | ActiveRecord: 0.5ms)
Started GET "/photos_api" for 127.0.0.1 at 2013-10-05 10:33:45 -0700
Processing by PhotosApiController#index as */*
Completed 200 OK in 4ms (Views: 0.6ms | ActiveRecord: 0.5ms)
Started GET "/photos_api" for 127.0.0.1 at 2013-10-05 10:36:41 -0700
Processing by PhotosApiController#index as */*
Completed 200 OK in 2ms (Views: 0.3ms | ActiveRecord: 0.5ms)
Started GET "/photos_api" for 127.0.0.1 at 2013-10-05 10:36:43 -0700
Processing by PhotosApiController#index as */*
Completed 200 OK in 2ms (Views: 0.3ms | ActiveRecord: 0.3ms)
Started GET "/photos_api" for 127.0.0.1 at 2013-10-05 10:36:58 -0700
Processing by PhotosApiController#index as HTML
Completed 200 OK in 2ms (Views: 0.2ms | ActiveRecord: 0.4ms)
Started GET "/photos_api" for 127.0.0.1 at 2013-10-05 10:37:00 -0700
Processing by PhotosApiController#index as HTML
Completed 200 OK in 2ms (Views: 0.3ms | ActiveRecord: 0.4ms)
Started GET "/photos_api" for 127.0.0.1 at 2013-10-05 10:37:00 -0700
Processing by PhotosApiController#index as HTML
Completed 200 OK in 4ms (Views: 0.4ms | ActiveRecord: 2.0ms)
Connecting to database specified by database.yml
Started GET "/photos_api" for 127.0.0.1 at 2013-10-05 10:37:10 -0700
Processing by PhotosApiController#index as HTML
Completed 200 OK in 36ms (Views: 0.3ms | ActiveRecord: 8.3ms)
Started GET "/photos_api" for 127.0.0.1 at 2013-10-05 10:37:13 -0700
Processing by PhotosApiController#index as HTML
Completed 200 OK in 4ms (Views: 0.5ms | ActiveRecord: 0.5ms)
Started GET "/photos_api/72" for 127.0.0.1 at 2013-10-05 10:38:48 -0700
Processing by PhotosApiController#show as HTML
  Parameters: {"id"=>"72"}
Completed 404 Not Found in 1ms

ActiveRecord::RecordNotFound (Couldn't find Photo without an ID):
  app/controllers/photos_api_controller.rb:23:in `show'


Started GET "/photos_api/72" for 127.0.0.1 at 2013-10-05 10:38:51 -0700
Processing by PhotosApiController#show as HTML
  Parameters: {"id"=>"72"}
Completed 404 Not Found in 0ms

ActiveRecord::RecordNotFound (Couldn't find Photo without an ID):
  app/controllers/photos_api_controller.rb:23:in `show'


Started GET "/photos_api/show/72" for 127.0.0.1 at 2013-10-05 10:39:04 -0700

ActionController::RoutingError (No route matches [GET] "/photos_api/show/72"):
  actionpack (3.2.13) lib/action_dispatch/middleware/debug_exceptions.rb:21:in `call'
  actionpack (3.2.13) lib/action_dispatch/middleware/show_exceptions.rb:56:in `call'
  railties (3.2.13) lib/rails/rack/logger.rb:32:in `call_app'
  railties (3.2.13) lib/rails/rack/logger.rb:16:in `block in call'
  activesupport (3.2.13) lib/active_support/tagged_logging.rb:22:in `tagged'
  railties (3.2.13) lib/rails/rack/logger.rb:16:in `call'
  actionpack (3.2.13) lib/action_dispatch/middleware/request_id.rb:22:in `call'
  rack (1.4.5) lib/rack/methodoverride.rb:21:in `call'
  rack (1.4.5) lib/rack/runtime.rb:17:in `call'
  activesupport (3.2.13) lib/active_support/cache/strategy/local_cache.rb:72:in `call'
  rack (1.4.5) lib/rack/lock.rb:15:in `call'
  rack-cache (1.2) lib/rack/cache/context.rb:136:in `forward'
  rack-cache (1.2) lib/rack/cache/context.rb:245:in `fetch'
  rack-cache (1.2) lib/rack/cache/context.rb:185:in `lookup'
  rack-cache (1.2) lib/rack/cache/context.rb:66:in `call!'
  rack-cache (1.2) lib/rack/cache/context.rb:51:in `call'
  railties (3.2.13) lib/rails/engine.rb:479:in `call'
  railties (3.2.13) lib/rails/application.rb:223:in `call'
  rack (1.4.5) lib/rack/content_length.rb:14:in `call'
  railties (3.2.13) lib/rails/rack/log_tailer.rb:17:in `call'
  rack (1.4.5) lib/rack/handler/webrick.rb:59:in `service'
  /Users/johnfigueiredo/.rvm/rubies/ruby-1.9.3-head/lib/ruby/1.9.1/webrick/httpserver.rb:138:in `service'
  /Users/johnfigueiredo/.rvm/rubies/ruby-1.9.3-head/lib/ruby/1.9.1/webrick/httpserver.rb:94:in `run'
  /Users/johnfigueiredo/.rvm/rubies/ruby-1.9.3-head/lib/ruby/1.9.1/webrick/server.rb:191:in `block in start_thread'


Started GET "/photos_api/show/72" for 127.0.0.1 at 2013-10-05 10:39:05 -0700

ActionController::RoutingError (No route matches [GET] "/photos_api/show/72"):
  actionpack (3.2.13) lib/action_dispatch/middleware/debug_exceptions.rb:21:in `call'
  actionpack (3.2.13) lib/action_dispatch/middleware/show_exceptions.rb:56:in `call'
  railties (3.2.13) lib/rails/rack/logger.rb:32:in `call_app'
  railties (3.2.13) lib/rails/rack/logger.rb:16:in `block in call'
  activesupport (3.2.13) lib/active_support/tagged_logging.rb:22:in `tagged'
  railties (3.2.13) lib/rails/rack/logger.rb:16:in `call'
  actionpack (3.2.13) lib/action_dispatch/middleware/request_id.rb:22:in `call'
  rack (1.4.5) lib/rack/methodoverride.rb:21:in `call'
  rack (1.4.5) lib/rack/runtime.rb:17:in `call'
  activesupport (3.2.13) lib/active_support/cache/strategy/local_cache.rb:72:in `call'
  rack (1.4.5) lib/rack/lock.rb:15:in `call'
  rack-cache (1.2) lib/rack/cache/context.rb:136:in `forward'
  rack-cache (1.2) lib/rack/cache/context.rb:245:in `fetch'
  rack-cache (1.2) lib/rack/cache/context.rb:185:in `lookup'
  rack-cache (1.2) lib/rack/cache/context.rb:66:in `call!'
  rack-cache (1.2) lib/rack/cache/context.rb:51:in `call'
  railties (3.2.13) lib/rails/engine.rb:479:in `call'
  railties (3.2.13) lib/rails/application.rb:223:in `call'
  rack (1.4.5) lib/rack/content_length.rb:14:in `call'
  railties (3.2.13) lib/rails/rack/log_tailer.rb:17:in `call'
  rack (1.4.5) lib/rack/handler/webrick.rb:59:in `service'
  /Users/johnfigueiredo/.rvm/rubies/ruby-1.9.3-head/lib/ruby/1.9.1/webrick/httpserver.rb:138:in `service'
  /Users/johnfigueiredo/.rvm/rubies/ruby-1.9.3-head/lib/ruby/1.9.1/webrick/httpserver.rb:94:in `run'
  /Users/johnfigueiredo/.rvm/rubies/ruby-1.9.3-head/lib/ruby/1.9.1/webrick/server.rb:191:in `block in start_thread'


Started GET "/photos_api/show/72.json" for 127.0.0.1 at 2013-10-05 10:39:14 -0700

ActionController::RoutingError (No route matches [GET] "/photos_api/show/72.json"):
  actionpack (3.2.13) lib/action_dispatch/middleware/debug_exceptions.rb:21:in `call'
  actionpack (3.2.13) lib/action_dispatch/middleware/show_exceptions.rb:56:in `call'
  railties (3.2.13) lib/rails/rack/logger.rb:32:in `call_app'
  railties (3.2.13) lib/rails/rack/logger.rb:16:in `block in call'
  activesupport (3.2.13) lib/active_support/tagged_logging.rb:22:in `tagged'
  railties (3.2.13) lib/rails/rack/logger.rb:16:in `call'
  actionpack (3.2.13) lib/action_dispatch/middleware/request_id.rb:22:in `call'
  rack (1.4.5) lib/rack/methodoverride.rb:21:in `call'
  rack (1.4.5) lib/rack/runtime.rb:17:in `call'
  activesupport (3.2.13) lib/active_support/cache/strategy/local_cache.rb:72:in `call'
  rack (1.4.5) lib/rack/lock.rb:15:in `call'
  rack-cache (1.2) lib/rack/cache/context.rb:136:in `forward'
  rack-cache (1.2) lib/rack/cache/context.rb:245:in `fetch'
  rack-cache (1.2) lib/rack/cache/context.rb:185:in `lookup'
  rack-cache (1.2) lib/rack/cache/context.rb:66:in `call!'
  rack-cache (1.2) lib/rack/cache/context.rb:51:in `call'
  railties (3.2.13) lib/rails/engine.rb:479:in `call'
  railties (3.2.13) lib/rails/application.rb:223:in `call'
  rack (1.4.5) lib/rack/content_length.rb:14:in `call'
  railties (3.2.13) lib/rails/rack/log_tailer.rb:17:in `call'
  rack (1.4.5) lib/rack/handler/webrick.rb:59:in `service'
  /Users/johnfigueiredo/.rvm/rubies/ruby-1.9.3-head/lib/ruby/1.9.1/webrick/httpserver.rb:138:in `service'
  /Users/johnfigueiredo/.rvm/rubies/ruby-1.9.3-head/lib/ruby/1.9.1/webrick/httpserver.rb:94:in `run'
  /Users/johnfigueiredo/.rvm/rubies/ruby-1.9.3-head/lib/ruby/1.9.1/webrick/server.rb:191:in `block in start_thread'


Started GET "/photos_api/show/72.json" for 127.0.0.1 at 2013-10-05 10:39:15 -0700

ActionController::RoutingError (No route matches [GET] "/photos_api/show/72.json"):
  actionpack (3.2.13) lib/action_dispatch/middleware/debug_exceptions.rb:21:in `call'
  actionpack (3.2.13) lib/action_dispatch/middleware/show_exceptions.rb:56:in `call'
  railties (3.2.13) lib/rails/rack/logger.rb:32:in `call_app'
  railties (3.2.13) lib/rails/rack/logger.rb:16:in `block in call'
  activesupport (3.2.13) lib/active_support/tagged_logging.rb:22:in `tagged'
  railties (3.2.13) lib/rails/rack/logger.rb:16:in `call'
  actionpack (3.2.13) lib/action_dispatch/middleware/request_id.rb:22:in `call'
  rack (1.4.5) lib/rack/methodoverride.rb:21:in `call'
  rack (1.4.5) lib/rack/runtime.rb:17:in `call'
  activesupport (3.2.13) lib/active_support/cache/strategy/local_cache.rb:72:in `call'
  rack (1.4.5) lib/rack/lock.rb:15:in `call'
  rack-cache (1.2) lib/rack/cache/context.rb:136:in `forward'
  rack-cache (1.2) lib/rack/cache/context.rb:245:in `fetch'
  rack-cache (1.2) lib/rack/cache/context.rb:185:in `lookup'
  rack-cache (1.2) lib/rack/cache/context.rb:66:in `call!'
  rack-cache (1.2) lib/rack/cache/context.rb:51:in `call'
  railties (3.2.13) lib/rails/engine.rb:479:in `call'
  railties (3.2.13) lib/rails/application.rb:223:in `call'
  rack (1.4.5) lib/rack/content_length.rb:14:in `call'
  railties (3.2.13) lib/rails/rack/log_tailer.rb:17:in `call'
  rack (1.4.5) lib/rack/handler/webrick.rb:59:in `service'
  /Users/johnfigueiredo/.rvm/rubies/ruby-1.9.3-head/lib/ruby/1.9.1/webrick/httpserver.rb:138:in `service'
  /Users/johnfigueiredo/.rvm/rubies/ruby-1.9.3-head/lib/ruby/1.9.1/webrick/httpserver.rb:94:in `run'
  /Users/johnfigueiredo/.rvm/rubies/ruby-1.9.3-head/lib/ruby/1.9.1/webrick/server.rb:191:in `block in start_thread'


Started GET "/photos_api/show/72.json" for 127.0.0.1 at 2013-10-05 10:39:16 -0700

ActionController::RoutingError (No route matches [GET] "/photos_api/show/72.json"):
  actionpack (3.2.13) lib/action_dispatch/middleware/debug_exceptions.rb:21:in `call'
  actionpack (3.2.13) lib/action_dispatch/middleware/show_exceptions.rb:56:in `call'
  railties (3.2.13) lib/rails/rack/logger.rb:32:in `call_app'
  railties (3.2.13) lib/rails/rack/logger.rb:16:in `block in call'
  activesupport (3.2.13) lib/active_support/tagged_logging.rb:22:in `tagged'
  railties (3.2.13) lib/rails/rack/logger.rb:16:in `call'
  actionpack (3.2.13) lib/action_dispatch/middleware/request_id.rb:22:in `call'
  rack (1.4.5) lib/rack/methodoverride.rb:21:in `call'
  rack (1.4.5) lib/rack/runtime.rb:17:in `call'
  activesupport (3.2.13) lib/active_support/cache/strategy/local_cache.rb:72:in `call'
  rack (1.4.5) lib/rack/lock.rb:15:in `call'
  rack-cache (1.2) lib/rack/cache/context.rb:136:in `forward'
  rack-cache (1.2) lib/rack/cache/context.rb:245:in `fetch'
  rack-cache (1.2) lib/rack/cache/context.rb:185:in `lookup'
  rack-cache (1.2) lib/rack/cache/context.rb:66:in `call!'
  rack-cache (1.2) lib/rack/cache/context.rb:51:in `call'
  railties (3.2.13) lib/rails/engine.rb:479:in `call'
  railties (3.2.13) lib/rails/application.rb:223:in `call'
  rack (1.4.5) lib/rack/content_length.rb:14:in `call'
  railties (3.2.13) lib/rails/rack/log_tailer.rb:17:in `call'
  rack (1.4.5) lib/rack/handler/webrick.rb:59:in `service'
  /Users/johnfigueiredo/.rvm/rubies/ruby-1.9.3-head/lib/ruby/1.9.1/webrick/httpserver.rb:138:in `service'
  /Users/johnfigueiredo/.rvm/rubies/ruby-1.9.3-head/lib/ruby/1.9.1/webrick/httpserver.rb:94:in `run'
  /Users/johnfigueiredo/.rvm/rubies/ruby-1.9.3-head/lib/ruby/1.9.1/webrick/server.rb:191:in `block in start_thread'


Started GET "/photos_api/show" for 127.0.0.1 at 2013-10-05 10:39:28 -0700
Processing by PhotosApiController#show as HTML
  Parameters: {"id"=>"show"}
Completed 404 Not Found in 0ms

ActiveRecord::RecordNotFound (Couldn't find Photo without an ID):
  app/controllers/photos_api_controller.rb:23:in `show'


Started GET "/photos_api/show/1" for 127.0.0.1 at 2013-10-05 10:39:30 -0700

ActionController::RoutingError (No route matches [GET] "/photos_api/show/1"):
  actionpack (3.2.13) lib/action_dispatch/middleware/debug_exceptions.rb:21:in `call'
  actionpack (3.2.13) lib/action_dispatch/middleware/show_exceptions.rb:56:in `call'
  railties (3.2.13) lib/rails/rack/logger.rb:32:in `call_app'
  railties (3.2.13) lib/rails/rack/logger.rb:16:in `block in call'
  activesupport (3.2.13) lib/active_support/tagged_logging.rb:22:in `tagged'
  railties (3.2.13) lib/rails/rack/logger.rb:16:in `call'
  actionpack (3.2.13) lib/action_dispatch/middleware/request_id.rb:22:in `call'
  rack (1.4.5) lib/rack/methodoverride.rb:21:in `call'
  rack (1.4.5) lib/rack/runtime.rb:17:in `call'
  activesupport (3.2.13) lib/active_support/cache/strategy/local_cache.rb:72:in `call'
  rack (1.4.5) lib/rack/lock.rb:15:in `call'
  rack-cache (1.2) lib/rack/cache/context.rb:136:in `forward'
  rack-cache (1.2) lib/rack/cache/context.rb:245:in `fetch'
  rack-cache (1.2) lib/rack/cache/context.rb:185:in `lookup'
  rack-cache (1.2) lib/rack/cache/context.rb:66:in `call!'
  rack-cache (1.2) lib/rack/cache/context.rb:51:in `call'
  railties (3.2.13) lib/rails/engine.rb:479:in `call'
  railties (3.2.13) lib/rails/application.rb:223:in `call'
  rack (1.4.5) lib/rack/content_length.rb:14:in `call'
  railties (3.2.13) lib/rails/rack/log_tailer.rb:17:in `call'
  rack (1.4.5) lib/rack/handler/webrick.rb:59:in `service'
  /Users/johnfigueiredo/.rvm/rubies/ruby-1.9.3-head/lib/ruby/1.9.1/webrick/httpserver.rb:138:in `service'
  /Users/johnfigueiredo/.rvm/rubies/ruby-1.9.3-head/lib/ruby/1.9.1/webrick/httpserver.rb:94:in `run'
  /Users/johnfigueiredo/.rvm/rubies/ruby-1.9.3-head/lib/ruby/1.9.1/webrick/server.rb:191:in `block in start_thread'


Started GET "/photos_api/72" for 127.0.0.1 at 2013-10-05 10:41:41 -0700
Processing by PhotosApiController#show as HTML
  Parameters: {"id"=>"72"}
Completed 404 Not Found in 0ms

ActiveRecord::RecordNotFound (Couldn't find Photo without an ID):
  app/controllers/photos_api_controller.rb:23:in `show'


Started GET "/photos_api/72" for 127.0.0.1 at 2013-10-05 10:41:42 -0700
Processing by PhotosApiController#show as HTML
  Parameters: {"id"=>"72"}
Completed 404 Not Found in 0ms

ActiveRecord::RecordNotFound (Couldn't find Photo without an ID):
  app/controllers/photos_api_controller.rb:23:in `show'


Started GET "/photos_api/72.json" for 127.0.0.1 at 2013-10-05 10:41:46 -0700
Processing by PhotosApiController#show as JSON
  Parameters: {"id"=>"72"}
Completed 404 Not Found in 0ms

ActiveRecord::RecordNotFound (Couldn't find Photo without an ID):
  app/controllers/photos_api_controller.rb:23:in `show'


Started GET "/photos_api/show/72" for 127.0.0.1 at 2013-10-05 10:41:55 -0700

ActionController::RoutingError (No route matches [GET] "/photos_api/show/72"):
  actionpack (3.2.13) lib/action_dispatch/middleware/debug_exceptions.rb:21:in `call'
  actionpack (3.2.13) lib/action_dispatch/middleware/show_exceptions.rb:56:in `call'
  railties (3.2.13) lib/rails/rack/logger.rb:32:in `call_app'
  railties (3.2.13) lib/rails/rack/logger.rb:16:in `block in call'
  activesupport (3.2.13) lib/active_support/tagged_logging.rb:22:in `tagged'
  railties (3.2.13) lib/rails/rack/logger.rb:16:in `call'
  actionpack (3.2.13) lib/action_dispatch/middleware/request_id.rb:22:in `call'
  rack (1.4.5) lib/rack/methodoverride.rb:21:in `call'
  rack (1.4.5) lib/rack/runtime.rb:17:in `call'
  activesupport (3.2.13) lib/active_support/cache/strategy/local_cache.rb:72:in `call'
  rack (1.4.5) lib/rack/lock.rb:15:in `call'
  rack-cache (1.2) lib/rack/cache/context.rb:136:in `forward'
  rack-cache (1.2) lib/rack/cache/context.rb:245:in `fetch'
  rack-cache (1.2) lib/rack/cache/context.rb:185:in `lookup'
  rack-cache (1.2) lib/rack/cache/context.rb:66:in `call!'
  rack-cache (1.2) lib/rack/cache/context.rb:51:in `call'
  railties (3.2.13) lib/rails/engine.rb:479:in `call'
  railties (3.2.13) lib/rails/application.rb:223:in `call'
  rack (1.4.5) lib/rack/content_length.rb:14:in `call'
  railties (3.2.13) lib/rails/rack/log_tailer.rb:17:in `call'
  rack (1.4.5) lib/rack/handler/webrick.rb:59:in `service'
  /Users/johnfigueiredo/.rvm/rubies/ruby-1.9.3-head/lib/ruby/1.9.1/webrick/httpserver.rb:138:in `service'
  /Users/johnfigueiredo/.rvm/rubies/ruby-1.9.3-head/lib/ruby/1.9.1/webrick/httpserver.rb:94:in `run'
  /Users/johnfigueiredo/.rvm/rubies/ruby-1.9.3-head/lib/ruby/1.9.1/webrick/server.rb:191:in `block in start_thread'


Started GET "/photos_api/show/72" for 127.0.0.1 at 2013-10-05 10:41:56 -0700

ActionController::RoutingError (No route matches [GET] "/photos_api/show/72"):
  actionpack (3.2.13) lib/action_dispatch/middleware/debug_exceptions.rb:21:in `call'
  actionpack (3.2.13) lib/action_dispatch/middleware/show_exceptions.rb:56:in `call'
  railties (3.2.13) lib/rails/rack/logger.rb:32:in `call_app'
  railties (3.2.13) lib/rails/rack/logger.rb:16:in `block in call'
  activesupport (3.2.13) lib/active_support/tagged_logging.rb:22:in `tagged'
  railties (3.2.13) lib/rails/rack/logger.rb:16:in `call'
  actionpack (3.2.13) lib/action_dispatch/middleware/request_id.rb:22:in `call'
  rack (1.4.5) lib/rack/methodoverride.rb:21:in `call'
  rack (1.4.5) lib/rack/runtime.rb:17:in `call'
  activesupport (3.2.13) lib/active_support/cache/strategy/local_cache.rb:72:in `call'
  rack (1.4.5) lib/rack/lock.rb:15:in `call'
  rack-cache (1.2) lib/rack/cache/context.rb:136:in `forward'
  rack-cache (1.2) lib/rack/cache/context.rb:245:in `fetch'
  rack-cache (1.2) lib/rack/cache/context.rb:185:in `lookup'
  rack-cache (1.2) lib/rack/cache/context.rb:66:in `call!'
  rack-cache (1.2) lib/rack/cache/context.rb:51:in `call'
  railties (3.2.13) lib/rails/engine.rb:479:in `call'
  railties (3.2.13) lib/rails/application.rb:223:in `call'
  rack (1.4.5) lib/rack/content_length.rb:14:in `call'
  railties (3.2.13) lib/rails/rack/log_tailer.rb:17:in `call'
  rack (1.4.5) lib/rack/handler/webrick.rb:59:in `service'
  /Users/johnfigueiredo/.rvm/rubies/ruby-1.9.3-head/lib/ruby/1.9.1/webrick/httpserver.rb:138:in `service'
  /Users/johnfigueiredo/.rvm/rubies/ruby-1.9.3-head/lib/ruby/1.9.1/webrick/httpserver.rb:94:in `run'
  /Users/johnfigueiredo/.rvm/rubies/ruby-1.9.3-head/lib/ruby/1.9.1/webrick/server.rb:191:in `block in start_thread'


Started GET "/photos/show/72" for 127.0.0.1 at 2013-10-05 10:42:17 -0700

ActionController::RoutingError (No route matches [GET] "/photos/show/72"):
  actionpack (3.2.13) lib/action_dispatch/middleware/debug_exceptions.rb:21:in `call'
  actionpack (3.2.13) lib/action_dispatch/middleware/show_exceptions.rb:56:in `call'
  railties (3.2.13) lib/rails/rack/logger.rb:32:in `call_app'
  railties (3.2.13) lib/rails/rack/logger.rb:16:in `block in call'
  activesupport (3.2.13) lib/active_support/tagged_logging.rb:22:in `tagged'
  railties (3.2.13) lib/rails/rack/logger.rb:16:in `call'
  actionpack (3.2.13) lib/action_dispatch/middleware/request_id.rb:22:in `call'
  rack (1.4.5) lib/rack/methodoverride.rb:21:in `call'
  rack (1.4.5) lib/rack/runtime.rb:17:in `call'
  activesupport (3.2.13) lib/active_support/cache/strategy/local_cache.rb:72:in `call'
  rack (1.4.5) lib/rack/lock.rb:15:in `call'
  rack-cache (1.2) lib/rack/cache/context.rb:136:in `forward'
  rack-cache (1.2) lib/rack/cache/context.rb:245:in `fetch'
  rack-cache (1.2) lib/rack/cache/context.rb:185:in `lookup'
  rack-cache (1.2) lib/rack/cache/context.rb:66:in `call!'
  rack-cache (1.2) lib/rack/cache/context.rb:51:in `call'
  railties (3.2.13) lib/rails/engine.rb:479:in `call'
  railties (3.2.13) lib/rails/application.rb:223:in `call'
  rack (1.4.5) lib/rack/content_length.rb:14:in `call'
  railties (3.2.13) lib/rails/rack/log_tailer.rb:17:in `call'
  rack (1.4.5) lib/rack/handler/webrick.rb:59:in `service'
  /Users/johnfigueiredo/.rvm/rubies/ruby-1.9.3-head/lib/ruby/1.9.1/webrick/httpserver.rb:138:in `service'
  /Users/johnfigueiredo/.rvm/rubies/ruby-1.9.3-head/lib/ruby/1.9.1/webrick/httpserver.rb:94:in `run'
  /Users/johnfigueiredo/.rvm/rubies/ruby-1.9.3-head/lib/ruby/1.9.1/webrick/server.rb:191:in `block in start_thread'


Started GET "/photos" for 127.0.0.1 at 2013-10-05 10:42:22 -0700
Processing by PhotosController#index as HTML
  Rendered photos/index.html.erb within layouts/application (6.7ms)
Completed 500 Internal Server Error in 31ms

ActionView::Template::Error (application.css isn't precompiled):
    2: <html>
    3: <head>
    4:   <title>InstagramIsh</title>
    5:   <%= stylesheet_link_tag    "application", :media => "all" %>
    6:   <%= javascript_include_tag "application" %>
    7:   <%= csrf_meta_tags %>
    8: </head>
  app/views/layouts/application.html.erb:5:in `_app_views_layouts_application_html_erb__310742098627948951_70289448104420'
  app/controllers/photos_controller.rb:7:in `index'


Started GET "/photos" for 127.0.0.1 at 2013-10-05 10:42:24 -0700
Processing by PhotosController#index as HTML
  Rendered photos/index.html.erb within layouts/application (4.3ms)
Completed 500 Internal Server Error in 7ms

ActionView::Template::Error (application.css isn't precompiled):
    2: <html>
    3: <head>
    4:   <title>InstagramIsh</title>
    5:   <%= stylesheet_link_tag    "application", :media => "all" %>
    6:   <%= javascript_include_tag "application" %>
    7:   <%= csrf_meta_tags %>
    8: </head>
  app/views/layouts/application.html.erb:5:in `_app_views_layouts_application_html_erb__310742098627948951_70289448104420'
  app/controllers/photos_controller.rb:7:in `index'


